                              1 ;--------------------------------------------------------
                              2 ; File Created by SDCC : FreeWare ANSI-C Compiler
                              3 ; Version 2.6.0 #4309 (Jul 28 2006)
                              4 ; This file generated Wed Mar 15 15:19:03 2017
                              5 ;--------------------------------------------------------
                              6 	.module LAB3_PWM1
                              7 	.optsdcc -mmcs51 --model-large
                              8 	
                              9 ;--------------------------------------------------------
                             10 ; Public variables in this module
                             11 ;--------------------------------------------------------
                             12 	.globl _main
                             13 	.globl _INT0_isr
                             14 	.globl __sdcc_external_startup
                             15 	.globl _TF1
                             16 	.globl _TR1
                             17 	.globl _TF0
                             18 	.globl _TR0
                             19 	.globl _IE1
                             20 	.globl _IT1
                             21 	.globl _IE0
                             22 	.globl _IT0
                             23 	.globl _SM0
                             24 	.globl _SM1
                             25 	.globl _SM2
                             26 	.globl _REN
                             27 	.globl _TB8
                             28 	.globl _RB8
                             29 	.globl _TI
                             30 	.globl _RI
                             31 	.globl _CY
                             32 	.globl _AC
                             33 	.globl _F0
                             34 	.globl _RS1
                             35 	.globl _RS0
                             36 	.globl _OV
                             37 	.globl _F1
                             38 	.globl _P
                             39 	.globl _RD
                             40 	.globl _WR
                             41 	.globl _T1
                             42 	.globl _T0
                             43 	.globl _INT1
                             44 	.globl _INT0
                             45 	.globl _TXD0
                             46 	.globl _TXD
                             47 	.globl _RXD0
                             48 	.globl _RXD
                             49 	.globl _P3_7
                             50 	.globl _P3_6
                             51 	.globl _P3_5
                             52 	.globl _P3_4
                             53 	.globl _P3_3
                             54 	.globl _P3_2
                             55 	.globl _P3_1
                             56 	.globl _P3_0
                             57 	.globl _P2_7
                             58 	.globl _P2_6
                             59 	.globl _P2_5
                             60 	.globl _P2_4
                             61 	.globl _P2_3
                             62 	.globl _P2_2
                             63 	.globl _P2_1
                             64 	.globl _P2_0
                             65 	.globl _P1_7
                             66 	.globl _P1_6
                             67 	.globl _P1_5
                             68 	.globl _P1_4
                             69 	.globl _P1_3
                             70 	.globl _P1_2
                             71 	.globl _P1_1
                             72 	.globl _P1_0
                             73 	.globl _P0_7
                             74 	.globl _P0_6
                             75 	.globl _P0_5
                             76 	.globl _P0_4
                             77 	.globl _P0_3
                             78 	.globl _P0_2
                             79 	.globl _P0_1
                             80 	.globl _P0_0
                             81 	.globl _PS
                             82 	.globl _PT1
                             83 	.globl _PX1
                             84 	.globl _PT0
                             85 	.globl _PX0
                             86 	.globl _EA
                             87 	.globl _ES
                             88 	.globl _ET1
                             89 	.globl _EX1
                             90 	.globl _ET0
                             91 	.globl _EX0
                             92 	.globl _BREG_F7
                             93 	.globl _BREG_F6
                             94 	.globl _BREG_F5
                             95 	.globl _BREG_F4
                             96 	.globl _BREG_F3
                             97 	.globl _BREG_F2
                             98 	.globl _BREG_F1
                             99 	.globl _BREG_F0
                            100 	.globl _P5_7
                            101 	.globl _P5_6
                            102 	.globl _P5_5
                            103 	.globl _P5_4
                            104 	.globl _P5_3
                            105 	.globl _P5_2
                            106 	.globl _P5_1
                            107 	.globl _P5_0
                            108 	.globl _P4_7
                            109 	.globl _P4_6
                            110 	.globl _P4_5
                            111 	.globl _P4_4
                            112 	.globl _P4_3
                            113 	.globl _P4_2
                            114 	.globl _P4_1
                            115 	.globl _P4_0
                            116 	.globl _PX0L
                            117 	.globl _PT0L
                            118 	.globl _PX1L
                            119 	.globl _PT1L
                            120 	.globl _PLS
                            121 	.globl _PT2L
                            122 	.globl _PPCL
                            123 	.globl _EC
                            124 	.globl _CCF0
                            125 	.globl _CCF1
                            126 	.globl _CCF2
                            127 	.globl _CCF3
                            128 	.globl _CCF4
                            129 	.globl _CR
                            130 	.globl _CF
                            131 	.globl _TF2
                            132 	.globl _EXF2
                            133 	.globl _RCLK
                            134 	.globl _TCLK
                            135 	.globl _EXEN2
                            136 	.globl _TR2
                            137 	.globl _C_T2
                            138 	.globl _CP_RL2
                            139 	.globl _T2CON_7
                            140 	.globl _T2CON_6
                            141 	.globl _T2CON_5
                            142 	.globl _T2CON_4
                            143 	.globl _T2CON_3
                            144 	.globl _T2CON_2
                            145 	.globl _T2CON_1
                            146 	.globl _T2CON_0
                            147 	.globl _PT2
                            148 	.globl _ET2
                            149 	.globl _TMOD
                            150 	.globl _TL1
                            151 	.globl _TL0
                            152 	.globl _TH1
                            153 	.globl _TH0
                            154 	.globl _TCON
                            155 	.globl _SP
                            156 	.globl _SCON
                            157 	.globl _SBUF0
                            158 	.globl _SBUF
                            159 	.globl _PSW
                            160 	.globl _PCON
                            161 	.globl _P3
                            162 	.globl _P2
                            163 	.globl _P1
                            164 	.globl _P0
                            165 	.globl _IP
                            166 	.globl _IE
                            167 	.globl _DP0L
                            168 	.globl _DPL
                            169 	.globl _DP0H
                            170 	.globl _DPH
                            171 	.globl _B
                            172 	.globl _ACC
                            173 	.globl _EECON
                            174 	.globl _KBF
                            175 	.globl _KBE
                            176 	.globl _KBLS
                            177 	.globl _BRL
                            178 	.globl _BDRCON
                            179 	.globl _T2MOD
                            180 	.globl _SPDAT
                            181 	.globl _SPSTA
                            182 	.globl _SPCON
                            183 	.globl _SADEN
                            184 	.globl _SADDR
                            185 	.globl _WDTPRG
                            186 	.globl _WDTRST
                            187 	.globl _P5
                            188 	.globl _P4
                            189 	.globl _IPH1
                            190 	.globl _IPL1
                            191 	.globl _IPH0
                            192 	.globl _IPL0
                            193 	.globl _IEN1
                            194 	.globl _IEN0
                            195 	.globl _CMOD
                            196 	.globl _CL
                            197 	.globl _CH
                            198 	.globl _CCON
                            199 	.globl _CCAPM4
                            200 	.globl _CCAPM3
                            201 	.globl _CCAPM2
                            202 	.globl _CCAPM1
                            203 	.globl _CCAPM0
                            204 	.globl _CCAP4L
                            205 	.globl _CCAP3L
                            206 	.globl _CCAP2L
                            207 	.globl _CCAP1L
                            208 	.globl _CCAP0L
                            209 	.globl _CCAP4H
                            210 	.globl _CCAP3H
                            211 	.globl _CCAP2H
                            212 	.globl _CCAP1H
                            213 	.globl _CCAP0H
                            214 	.globl _CKCKON1
                            215 	.globl _CKCKON0
                            216 	.globl _CKRL
                            217 	.globl _AUXR1
                            218 	.globl _AUXR
                            219 	.globl _TH2
                            220 	.globl _TL2
                            221 	.globl _RCAP2H
                            222 	.globl _RCAP2L
                            223 	.globl _T2CON
                            224 	.globl _dutycycle
                            225 	.globl _c
                            226 	.globl _putchar
                            227 	.globl _getchar
                            228 	.globl _init_hardware
                            229 	.globl _pwm_init
                            230 	.globl _pwm
                            231 	.globl _powerdown
                            232 	.globl _idle
                            233 	.globl _run
                            234 	.globl _stop
                            235 	.globl _highspeed
                            236 	.globl _increase
                            237 	.globl _decrease
                            238 ;--------------------------------------------------------
                            239 ; special function registers
                            240 ;--------------------------------------------------------
                            241 	.area RSEG    (DATA)
                    00C8    242 _T2CON	=	0x00c8
                    00CA    243 _RCAP2L	=	0x00ca
                    00CB    244 _RCAP2H	=	0x00cb
                    00CC    245 _TL2	=	0x00cc
                    00CD    246 _TH2	=	0x00cd
                    008E    247 _AUXR	=	0x008e
                    00A2    248 _AUXR1	=	0x00a2
                    0097    249 _CKRL	=	0x0097
                    008F    250 _CKCKON0	=	0x008f
                    008F    251 _CKCKON1	=	0x008f
                    00FA    252 _CCAP0H	=	0x00fa
                    00FB    253 _CCAP1H	=	0x00fb
                    00FC    254 _CCAP2H	=	0x00fc
                    00FD    255 _CCAP3H	=	0x00fd
                    00FE    256 _CCAP4H	=	0x00fe
                    00EA    257 _CCAP0L	=	0x00ea
                    00EB    258 _CCAP1L	=	0x00eb
                    00EC    259 _CCAP2L	=	0x00ec
                    00ED    260 _CCAP3L	=	0x00ed
                    00EE    261 _CCAP4L	=	0x00ee
                    00DA    262 _CCAPM0	=	0x00da
                    00DB    263 _CCAPM1	=	0x00db
                    00DC    264 _CCAPM2	=	0x00dc
                    00DD    265 _CCAPM3	=	0x00dd
                    00DE    266 _CCAPM4	=	0x00de
                    00D8    267 _CCON	=	0x00d8
                    00F9    268 _CH	=	0x00f9
                    00E9    269 _CL	=	0x00e9
                    00D9    270 _CMOD	=	0x00d9
                    00A8    271 _IEN0	=	0x00a8
                    00B1    272 _IEN1	=	0x00b1
                    00B8    273 _IPL0	=	0x00b8
                    00B7    274 _IPH0	=	0x00b7
                    00B2    275 _IPL1	=	0x00b2
                    00B3    276 _IPH1	=	0x00b3
                    00C0    277 _P4	=	0x00c0
                    00D8    278 _P5	=	0x00d8
                    00A6    279 _WDTRST	=	0x00a6
                    00A7    280 _WDTPRG	=	0x00a7
                    00A9    281 _SADDR	=	0x00a9
                    00B9    282 _SADEN	=	0x00b9
                    00C3    283 _SPCON	=	0x00c3
                    00C4    284 _SPSTA	=	0x00c4
                    00C5    285 _SPDAT	=	0x00c5
                    00C9    286 _T2MOD	=	0x00c9
                    009B    287 _BDRCON	=	0x009b
                    009A    288 _BRL	=	0x009a
                    009C    289 _KBLS	=	0x009c
                    009D    290 _KBE	=	0x009d
                    009E    291 _KBF	=	0x009e
                    00D2    292 _EECON	=	0x00d2
                    00E0    293 _ACC	=	0x00e0
                    00F0    294 _B	=	0x00f0
                    0083    295 _DPH	=	0x0083
                    0083    296 _DP0H	=	0x0083
                    0082    297 _DPL	=	0x0082
                    0082    298 _DP0L	=	0x0082
                    00A8    299 _IE	=	0x00a8
                    00B8    300 _IP	=	0x00b8
                    0080    301 _P0	=	0x0080
                    0090    302 _P1	=	0x0090
                    00A0    303 _P2	=	0x00a0
                    00B0    304 _P3	=	0x00b0
                    0087    305 _PCON	=	0x0087
                    00D0    306 _PSW	=	0x00d0
                    0099    307 _SBUF	=	0x0099
                    0099    308 _SBUF0	=	0x0099
                    0098    309 _SCON	=	0x0098
                    0081    310 _SP	=	0x0081
                    0088    311 _TCON	=	0x0088
                    008C    312 _TH0	=	0x008c
                    008D    313 _TH1	=	0x008d
                    008A    314 _TL0	=	0x008a
                    008B    315 _TL1	=	0x008b
                    0089    316 _TMOD	=	0x0089
                            317 ;--------------------------------------------------------
                            318 ; special function bits
                            319 ;--------------------------------------------------------
                            320 	.area RSEG    (DATA)
                    00AD    321 _ET2	=	0x00ad
                    00BD    322 _PT2	=	0x00bd
                    00C8    323 _T2CON_0	=	0x00c8
                    00C9    324 _T2CON_1	=	0x00c9
                    00CA    325 _T2CON_2	=	0x00ca
                    00CB    326 _T2CON_3	=	0x00cb
                    00CC    327 _T2CON_4	=	0x00cc
                    00CD    328 _T2CON_5	=	0x00cd
                    00CE    329 _T2CON_6	=	0x00ce
                    00CF    330 _T2CON_7	=	0x00cf
                    00C8    331 _CP_RL2	=	0x00c8
                    00C9    332 _C_T2	=	0x00c9
                    00CA    333 _TR2	=	0x00ca
                    00CB    334 _EXEN2	=	0x00cb
                    00CC    335 _TCLK	=	0x00cc
                    00CD    336 _RCLK	=	0x00cd
                    00CE    337 _EXF2	=	0x00ce
                    00CF    338 _TF2	=	0x00cf
                    00DF    339 _CF	=	0x00df
                    00DE    340 _CR	=	0x00de
                    00DC    341 _CCF4	=	0x00dc
                    00DB    342 _CCF3	=	0x00db
                    00DA    343 _CCF2	=	0x00da
                    00D9    344 _CCF1	=	0x00d9
                    00D8    345 _CCF0	=	0x00d8
                    00AE    346 _EC	=	0x00ae
                    00BE    347 _PPCL	=	0x00be
                    00BD    348 _PT2L	=	0x00bd
                    00BC    349 _PLS	=	0x00bc
                    00BB    350 _PT1L	=	0x00bb
                    00BA    351 _PX1L	=	0x00ba
                    00B9    352 _PT0L	=	0x00b9
                    00B8    353 _PX0L	=	0x00b8
                    00C0    354 _P4_0	=	0x00c0
                    00C1    355 _P4_1	=	0x00c1
                    00C2    356 _P4_2	=	0x00c2
                    00C3    357 _P4_3	=	0x00c3
                    00C4    358 _P4_4	=	0x00c4
                    00C5    359 _P4_5	=	0x00c5
                    00C6    360 _P4_6	=	0x00c6
                    00C7    361 _P4_7	=	0x00c7
                    00D8    362 _P5_0	=	0x00d8
                    00D9    363 _P5_1	=	0x00d9
                    00DA    364 _P5_2	=	0x00da
                    00DB    365 _P5_3	=	0x00db
                    00DC    366 _P5_4	=	0x00dc
                    00DD    367 _P5_5	=	0x00dd
                    00DE    368 _P5_6	=	0x00de
                    00DF    369 _P5_7	=	0x00df
                    00F0    370 _BREG_F0	=	0x00f0
                    00F1    371 _BREG_F1	=	0x00f1
                    00F2    372 _BREG_F2	=	0x00f2
                    00F3    373 _BREG_F3	=	0x00f3
                    00F4    374 _BREG_F4	=	0x00f4
                    00F5    375 _BREG_F5	=	0x00f5
                    00F6    376 _BREG_F6	=	0x00f6
                    00F7    377 _BREG_F7	=	0x00f7
                    00A8    378 _EX0	=	0x00a8
                    00A9    379 _ET0	=	0x00a9
                    00AA    380 _EX1	=	0x00aa
                    00AB    381 _ET1	=	0x00ab
                    00AC    382 _ES	=	0x00ac
                    00AF    383 _EA	=	0x00af
                    00B8    384 _PX0	=	0x00b8
                    00B9    385 _PT0	=	0x00b9
                    00BA    386 _PX1	=	0x00ba
                    00BB    387 _PT1	=	0x00bb
                    00BC    388 _PS	=	0x00bc
                    0080    389 _P0_0	=	0x0080
                    0081    390 _P0_1	=	0x0081
                    0082    391 _P0_2	=	0x0082
                    0083    392 _P0_3	=	0x0083
                    0084    393 _P0_4	=	0x0084
                    0085    394 _P0_5	=	0x0085
                    0086    395 _P0_6	=	0x0086
                    0087    396 _P0_7	=	0x0087
                    0090    397 _P1_0	=	0x0090
                    0091    398 _P1_1	=	0x0091
                    0092    399 _P1_2	=	0x0092
                    0093    400 _P1_3	=	0x0093
                    0094    401 _P1_4	=	0x0094
                    0095    402 _P1_5	=	0x0095
                    0096    403 _P1_6	=	0x0096
                    0097    404 _P1_7	=	0x0097
                    00A0    405 _P2_0	=	0x00a0
                    00A1    406 _P2_1	=	0x00a1
                    00A2    407 _P2_2	=	0x00a2
                    00A3    408 _P2_3	=	0x00a3
                    00A4    409 _P2_4	=	0x00a4
                    00A5    410 _P2_5	=	0x00a5
                    00A6    411 _P2_6	=	0x00a6
                    00A7    412 _P2_7	=	0x00a7
                    00B0    413 _P3_0	=	0x00b0
                    00B1    414 _P3_1	=	0x00b1
                    00B2    415 _P3_2	=	0x00b2
                    00B3    416 _P3_3	=	0x00b3
                    00B4    417 _P3_4	=	0x00b4
                    00B5    418 _P3_5	=	0x00b5
                    00B6    419 _P3_6	=	0x00b6
                    00B7    420 _P3_7	=	0x00b7
                    00B0    421 _RXD	=	0x00b0
                    00B0    422 _RXD0	=	0x00b0
                    00B1    423 _TXD	=	0x00b1
                    00B1    424 _TXD0	=	0x00b1
                    00B2    425 _INT0	=	0x00b2
                    00B3    426 _INT1	=	0x00b3
                    00B4    427 _T0	=	0x00b4
                    00B5    428 _T1	=	0x00b5
                    00B6    429 _WR	=	0x00b6
                    00B7    430 _RD	=	0x00b7
                    00D0    431 _P	=	0x00d0
                    00D1    432 _F1	=	0x00d1
                    00D2    433 _OV	=	0x00d2
                    00D3    434 _RS0	=	0x00d3
                    00D4    435 _RS1	=	0x00d4
                    00D5    436 _F0	=	0x00d5
                    00D6    437 _AC	=	0x00d6
                    00D7    438 _CY	=	0x00d7
                    0098    439 _RI	=	0x0098
                    0099    440 _TI	=	0x0099
                    009A    441 _RB8	=	0x009a
                    009B    442 _TB8	=	0x009b
                    009C    443 _REN	=	0x009c
                    009D    444 _SM2	=	0x009d
                    009E    445 _SM1	=	0x009e
                    009F    446 _SM0	=	0x009f
                    0088    447 _IT0	=	0x0088
                    0089    448 _IE0	=	0x0089
                    008A    449 _IT1	=	0x008a
                    008B    450 _IE1	=	0x008b
                    008C    451 _TR0	=	0x008c
                    008D    452 _TF0	=	0x008d
                    008E    453 _TR1	=	0x008e
                    008F    454 _TF1	=	0x008f
                            455 ;--------------------------------------------------------
                            456 ; overlayable register banks
                            457 ;--------------------------------------------------------
                            458 	.area REG_BANK_0	(REL,OVR,DATA)
   0000                     459 	.ds 8
                            460 ;--------------------------------------------------------
                            461 ; internal ram data
                            462 ;--------------------------------------------------------
                            463 	.area DSEG    (DATA)
                            464 ;--------------------------------------------------------
                            465 ; overlayable items in internal ram 
                            466 ;--------------------------------------------------------
                            467 	.area OSEG    (OVR,DATA)
                            468 ;--------------------------------------------------------
                            469 ; Stack segment in internal ram 
                            470 ;--------------------------------------------------------
                            471 	.area	SSEG	(DATA)
   0000                     472 __start__stack:
   0000                     473 	.ds	1
                            474 
                            475 ;--------------------------------------------------------
                            476 ; indirectly addressable internal ram data
                            477 ;--------------------------------------------------------
                            478 	.area ISEG    (DATA)
                            479 ;--------------------------------------------------------
                            480 ; bit data
                            481 ;--------------------------------------------------------
                            482 	.area BSEG    (BIT)
                            483 ;--------------------------------------------------------
                            484 ; paged external ram data
                            485 ;--------------------------------------------------------
                            486 	.area PSEG    (PAG,XDATA)
                            487 ;--------------------------------------------------------
                            488 ; external ram data
                            489 ;--------------------------------------------------------
                            490 	.area XSEG    (XDATA)
   0000                     491 _c::
   0000                     492 	.ds 1
   0001                     493 _putchar_c_1_1:
   0001                     494 	.ds 1
   0002                     495 _pwm_init_dutycycle_1_1:
   0002                     496 	.ds 2
                            497 ;--------------------------------------------------------
                            498 ; external initialized ram data
                            499 ;--------------------------------------------------------
                            500 	.area XISEG   (XDATA)
   0000                     501 _dutycycle::
   0000                     502 	.ds 2
                            503 	.area HOME    (CODE)
                            504 	.area GSINIT0 (CODE)
                            505 	.area GSINIT1 (CODE)
                            506 	.area GSINIT2 (CODE)
                            507 	.area GSINIT3 (CODE)
                            508 	.area GSINIT4 (CODE)
                            509 	.area GSINIT5 (CODE)
                            510 	.area GSINIT  (CODE)
                            511 	.area GSFINAL (CODE)
                            512 	.area CSEG    (CODE)
                            513 ;--------------------------------------------------------
                            514 ; interrupt vector 
                            515 ;--------------------------------------------------------
                            516 	.area HOME    (CODE)
   0000                     517 __interrupt_vect:
   0000 02s00r00            518 	ljmp	__sdcc_gsinit_startup
   0003 02s01rC4            519 	ljmp	_INT0_isr
                            520 ;--------------------------------------------------------
                            521 ; global & static initialisations
                            522 ;--------------------------------------------------------
                            523 	.area HOME    (CODE)
                            524 	.area GSINIT  (CODE)
                            525 	.area GSFINAL (CODE)
                            526 	.area GSINIT  (CODE)
                            527 	.globl __sdcc_gsinit_startup
                            528 	.globl __sdcc_program_startup
                            529 	.globl __start__stack
                            530 	.globl __mcs51_genXINIT
                            531 	.globl __mcs51_genXRAMCLEAR
                            532 	.globl __mcs51_genRAMCLEAR
                            533 	.area GSFINAL (CODE)
   0000 02s00r00            534 	ljmp	__sdcc_program_startup
                            535 ;--------------------------------------------------------
                            536 ; Home
                            537 ;--------------------------------------------------------
                            538 	.area HOME    (CODE)
                            539 	.area CSEG    (CODE)
   0000                     540 __sdcc_program_startup:
   0000 12s03r05            541 	lcall	_main
                            542 ;	return from main will lock up
   0003 80 FE               543 	sjmp .
                            544 ;--------------------------------------------------------
                            545 ; code
                            546 ;--------------------------------------------------------
                            547 	.area CSEG    (CODE)
                            548 ;------------------------------------------------------------
                            549 ;Allocation info for local variables in function '_sdcc_external_startup'
                            550 ;------------------------------------------------------------
                            551 ;------------------------------------------------------------
                            552 ;	LAB3_PWM1.c:30: _sdcc_external_startup()  //This function changes the size of Internal RAM to 1KB
                            553 ;	-----------------------------------------
                            554 ;	 function _sdcc_external_startup
                            555 ;	-----------------------------------------
   0005                     556 __sdcc_external_startup:
                    0002    557 	ar2 = 0x02
                    0003    558 	ar3 = 0x03
                    0004    559 	ar4 = 0x04
                    0005    560 	ar5 = 0x05
                    0006    561 	ar6 = 0x06
                    0007    562 	ar7 = 0x07
                    0000    563 	ar0 = 0x00
                    0001    564 	ar1 = 0x01
                            565 ;	LAB3_PWM1.c:32: AUXR |= 0x0C;
                            566 ;	genOr
   0005 43 8E 0C            567 	orl	_AUXR,#0x0C
                            568 ;	LAB3_PWM1.c:33: return 0;
                            569 ;	genRet
                            570 ;	Peephole 182.b	used 16 bit load of dptr
   0008 90 00 00            571 	mov	dptr,#0x0000
                            572 ;	Peephole 300	removed redundant label 00101$
   000B 22                  573 	ret
                            574 ;------------------------------------------------------------
                            575 ;Allocation info for local variables in function 'putchar'
                            576 ;------------------------------------------------------------
                            577 ;c                         Allocated with name '_putchar_c_1_1'
                            578 ;------------------------------------------------------------
                            579 ;	LAB3_PWM1.c:37: void putchar (char c)
                            580 ;	-----------------------------------------
                            581 ;	 function putchar
                            582 ;	-----------------------------------------
   000C                     583 _putchar:
                            584 ;	genReceive
   000C E5 82               585 	mov	a,dpl
   000E 90s00r01            586 	mov	dptr,#_putchar_c_1_1
   0011 F0                  587 	movx	@dptr,a
                            588 ;	LAB3_PWM1.c:39: while (TI == 0); // wait for TX ready, spin on TI
   0012                     589 00101$:
                            590 ;	genIfx
                            591 ;	genIfxJump
                            592 ;	Peephole 108.d	removed ljmp by inverse jump logic
   0012 30 99 FD            593 	jnb	_TI,00101$
                            594 ;	Peephole 300	removed redundant label 00108$
                            595 ;	LAB3_PWM1.c:40: SBUF = c;  	// load serial port with transmit value
                            596 ;	genAssign
   0015 90s00r01            597 	mov	dptr,#_putchar_c_1_1
   0018 E0                  598 	movx	a,@dptr
   0019 F5 99               599 	mov	_SBUF,a
                            600 ;	LAB3_PWM1.c:41: TI = 0;  	// clear TI flag
                            601 ;	genAssign
   001B C2 99               602 	clr	_TI
                            603 ;	Peephole 300	removed redundant label 00104$
   001D 22                  604 	ret
                            605 ;------------------------------------------------------------
                            606 ;Allocation info for local variables in function 'getchar'
                            607 ;------------------------------------------------------------
                            608 ;------------------------------------------------------------
                            609 ;	LAB3_PWM1.c:45: char getchar ()
                            610 ;	-----------------------------------------
                            611 ;	 function getchar
                            612 ;	-----------------------------------------
   001E                     613 _getchar:
                            614 ;	LAB3_PWM1.c:47: while (RI == 0); // wait for character to be received, spin on RI
   001E                     615 00101$:
                            616 ;	genIfx
                            617 ;	genIfxJump
                            618 ;	Peephole 108.d	removed ljmp by inverse jump logic
                            619 ;	LAB3_PWM1.c:48: RI = 0;			// clear RI flag
                            620 ;	genAssign
                            621 ;	Peephole 250.a	using atomic test and clear
   001E 10 98 02            622 	jbc	_RI,00108$
   0021 80 FB               623 	sjmp	00101$
   0023                     624 00108$:
                            625 ;	LAB3_PWM1.c:49: return SBUF;  	// return character from SBUF
                            626 ;	genAssign
   0023 AA 99               627 	mov	r2,_SBUF
                            628 ;	genRet
   0025 8A 82               629 	mov	dpl,r2
                            630 ;	Peephole 300	removed redundant label 00104$
   0027 22                  631 	ret
                            632 ;------------------------------------------------------------
                            633 ;Allocation info for local variables in function 'init_hardware'
                            634 ;------------------------------------------------------------
                            635 ;------------------------------------------------------------
                            636 ;	LAB3_PWM1.c:51: void init_hardware()
                            637 ;	-----------------------------------------
                            638 ;	 function init_hardware
                            639 ;	-----------------------------------------
   0028                     640 _init_hardware:
                            641 ;	LAB3_PWM1.c:53: TMOD=0x20; //use Timer 1, mode 2
                            642 ;	genAssign
   0028 75 89 20            643 	mov	_TMOD,#0x20
                            644 ;	LAB3_PWM1.c:54: TH1=0xFA; //4800 baud rate
                            645 ;	genAssign
   002B 75 8D FA            646 	mov	_TH1,#0xFA
                            647 ;	LAB3_PWM1.c:55: SCON=0x50; //SM1:REN ;8 bit UART, Receipt Enable
                            648 ;	genAssign
   002E 75 98 50            649 	mov	_SCON,#0x50
                            650 ;	LAB3_PWM1.c:56: TR1=1;   //Start the Timer
                            651 ;	genAssign
   0031 D2 8E               652 	setb	_TR1
                            653 ;	LAB3_PWM1.c:57: TI=1; //Set TI flag to 1
                            654 ;	genAssign
   0033 D2 99               655 	setb	_TI
                            656 ;	Peephole 300	removed redundant label 00101$
   0035 22                  657 	ret
                            658 ;------------------------------------------------------------
                            659 ;Allocation info for local variables in function 'pwm_init'
                            660 ;------------------------------------------------------------
                            661 ;dutycycle                 Allocated with name '_pwm_init_dutycycle_1_1'
                            662 ;------------------------------------------------------------
                            663 ;	LAB3_PWM1.c:60: void pwm_init(int dutycycle)
                            664 ;	-----------------------------------------
                            665 ;	 function pwm_init
                            666 ;	-----------------------------------------
   0036                     667 _pwm_init:
                            668 ;	genReceive
   0036 AA 83               669 	mov	r2,dph
   0038 E5 82               670 	mov	a,dpl
   003A 90s00r02            671 	mov	dptr,#_pwm_init_dutycycle_1_1
   003D F0                  672 	movx	@dptr,a
   003E A3                  673 	inc	dptr
   003F EA                  674 	mov	a,r2
   0040 F0                  675 	movx	@dptr,a
                            676 ;	LAB3_PWM1.c:62: CMOD&= 0x79; // Setup PCA timer ; Input frequency= freq/6; CPS1:CPS0 cleared ; pwm working in idle mode -clear CIDL bit
                            677 ;	genAnd
   0041 53 D9 79            678 	anl	_CMOD,#0x79
                            679 ;	LAB3_PWM1.c:63: CCON =0x00; //Initialised to 0
                            680 ;	genAssign
   0044 75 D8 00            681 	mov	_CCON,#0x00
                            682 ;	LAB3_PWM1.c:64: CL = 0x00;  //Initialised to 0
                            683 ;	genAssign
   0047 75 E9 00            684 	mov	_CL,#0x00
                            685 ;	LAB3_PWM1.c:65: CH = 0x00;//Initialised to 0
                            686 ;	genAssign
   004A 75 F9 00            687 	mov	_CH,#0x00
                            688 ;	LAB3_PWM1.c:66: IEN0=0x81;  //Enable external interrupt , EA:EX0
                            689 ;	genAssign
   004D 75 A8 81            690 	mov	_IEN0,#0x81
                            691 ;	LAB3_PWM1.c:67: CCAP0L = dutycycle; // Set the initial value same as CCAP0H
                            692 ;	genAssign
   0050 90s00r02            693 	mov	dptr,#_pwm_init_dutycycle_1_1
   0053 E0                  694 	movx	a,@dptr
   0054 FA                  695 	mov	r2,a
   0055 A3                  696 	inc	dptr
   0056 E0                  697 	movx	a,@dptr
   0057 FB                  698 	mov	r3,a
                            699 ;	genCast
                            700 ;	genAssign
   0058 8A EA               701 	mov	_CCAP0L,r2
                            702 ;	LAB3_PWM1.c:68: CCAP0H = dutycycle; // 46% Duty Cycle
                            703 ;	genAssign
   005A 8A FA               704 	mov	_CCAP0H,r2
                            705 ;	LAB3_PWM1.c:69: CCAPM0|= 0x42; // Setup PCA module 0 in PWM mode; ECOM:PWM
                            706 ;	genOr
   005C 43 DA 42            707 	orl	_CCAPM0,#0x42
                            708 ;	LAB3_PWM1.c:70: CR = 1; // Start PCA Timer.
                            709 ;	genAssign
   005F D2 DE               710 	setb	_CR
                            711 ;	Peephole 300	removed redundant label 00101$
   0061 22                  712 	ret
                            713 ;------------------------------------------------------------
                            714 ;Allocation info for local variables in function 'pwm'
                            715 ;------------------------------------------------------------
                            716 ;------------------------------------------------------------
                            717 ;	LAB3_PWM1.c:73: void pwm()
                            718 ;	-----------------------------------------
                            719 ;	 function pwm
                            720 ;	-----------------------------------------
   0062                     721 _pwm:
                            722 ;	LAB3_PWM1.c:75: printf_tiny("\r\n********************MENU*************************\r\n");
                            723 ;	genIpush
   0062 74r00               724 	mov	a,#__str_0
   0064 C0 E0               725 	push	acc
   0066 74s00               726 	mov	a,#(__str_0 >> 8)
   0068 C0 E0               727 	push	acc
                            728 ;	genCall
   006A 12s00r00            729 	lcall	_printf_tiny
   006D 15 81               730 	dec	sp
   006F 15 81               731 	dec	sp
                            732 ;	LAB3_PWM1.c:76: printf_tiny("\r\n'R' --------- Run PWM\r\n");
                            733 ;	genIpush
   0071 74r36               734 	mov	a,#__str_1
   0073 C0 E0               735 	push	acc
   0075 74s00               736 	mov	a,#(__str_1 >> 8)
   0077 C0 E0               737 	push	acc
                            738 ;	genCall
   0079 12s00r00            739 	lcall	_printf_tiny
   007C 15 81               740 	dec	sp
   007E 15 81               741 	dec	sp
                            742 ;	LAB3_PWM1.c:77: printf_tiny("\r\n'S' --------- Stop PWM\r\n");
                            743 ;	genIpush
   0080 74r50               744 	mov	a,#__str_2
   0082 C0 E0               745 	push	acc
   0084 74s00               746 	mov	a,#(__str_2 >> 8)
   0086 C0 E0               747 	push	acc
                            748 ;	genCall
   0088 12s00r00            749 	lcall	_printf_tiny
   008B 15 81               750 	dec	sp
   008D 15 81               751 	dec	sp
                            752 ;	LAB3_PWM1.c:78: printf_tiny("\r\n'H' --------- High speed Mode\r\n");
                            753 ;	genIpush
   008F 74r6B               754 	mov	a,#__str_3
   0091 C0 E0               755 	push	acc
   0093 74s00               756 	mov	a,#(__str_3 >> 8)
   0095 C0 E0               757 	push	acc
                            758 ;	genCall
   0097 12s00r00            759 	lcall	_printf_tiny
   009A 15 81               760 	dec	sp
   009C 15 81               761 	dec	sp
                            762 ;	LAB3_PWM1.c:79: printf_tiny("\r\n'P' --------- Power down mode\r\n");
                            763 ;	genIpush
   009E 74r8D               764 	mov	a,#__str_4
   00A0 C0 E0               765 	push	acc
   00A2 74s00               766 	mov	a,#(__str_4 >> 8)
   00A4 C0 E0               767 	push	acc
                            768 ;	genCall
   00A6 12s00r00            769 	lcall	_printf_tiny
   00A9 15 81               770 	dec	sp
   00AB 15 81               771 	dec	sp
                            772 ;	LAB3_PWM1.c:80: printf_tiny("\r\n'L' --------- Idle Mode\r\n");
                            773 ;	genIpush
   00AD 74rAF               774 	mov	a,#__str_5
   00AF C0 E0               775 	push	acc
   00B1 74s00               776 	mov	a,#(__str_5 >> 8)
   00B3 C0 E0               777 	push	acc
                            778 ;	genCall
   00B5 12s00r00            779 	lcall	_printf_tiny
   00B8 15 81               780 	dec	sp
   00BA 15 81               781 	dec	sp
                            782 ;	LAB3_PWM1.c:81: printf_tiny("\r\n'I' --------- Increase mode\r\n");
                            783 ;	genIpush
   00BC 74rCB               784 	mov	a,#__str_6
   00BE C0 E0               785 	push	acc
   00C0 74s00               786 	mov	a,#(__str_6 >> 8)
   00C2 C0 E0               787 	push	acc
                            788 ;	genCall
   00C4 12s00r00            789 	lcall	_printf_tiny
   00C7 15 81               790 	dec	sp
   00C9 15 81               791 	dec	sp
                            792 ;	LAB3_PWM1.c:82: printf_tiny("\r\n'D' --------- Decrease Mode\r\n");
                            793 ;	genIpush
   00CB 74rEB               794 	mov	a,#__str_7
   00CD C0 E0               795 	push	acc
   00CF 74s00               796 	mov	a,#(__str_7 >> 8)
   00D1 C0 E0               797 	push	acc
                            798 ;	genCall
   00D3 12s00r00            799 	lcall	_printf_tiny
   00D6 15 81               800 	dec	sp
   00D8 15 81               801 	dec	sp
                            802 ;	LAB3_PWM1.c:83: printf_tiny("\r\nEnter any of the above character\r\n");
                            803 ;	genIpush
   00DA 74r0B               804 	mov	a,#__str_8
   00DC C0 E0               805 	push	acc
   00DE 74s01               806 	mov	a,#(__str_8 >> 8)
   00E0 C0 E0               807 	push	acc
                            808 ;	genCall
   00E2 12s00r00            809 	lcall	_printf_tiny
   00E5 15 81               810 	dec	sp
   00E7 15 81               811 	dec	sp
                            812 ;	LAB3_PWM1.c:85: c=getchar(); //Obtain the command character
                            813 ;	genCall
   00E9 12s00r1E            814 	lcall	_getchar
   00EC E5 82               815 	mov	a,dpl
                            816 ;	genAssign
   00EE 90s00r00            817 	mov	dptr,#_c
   00F1 F0                  818 	movx	@dptr,a
                            819 ;	LAB3_PWM1.c:86: printf_tiny("The character you have entered is: ");
                            820 ;	genIpush
   00F2 74r30               821 	mov	a,#__str_9
   00F4 C0 E0               822 	push	acc
   00F6 74s01               823 	mov	a,#(__str_9 >> 8)
   00F8 C0 E0               824 	push	acc
                            825 ;	genCall
   00FA 12s00r00            826 	lcall	_printf_tiny
   00FD 15 81               827 	dec	sp
   00FF 15 81               828 	dec	sp
                            829 ;	LAB3_PWM1.c:87: putchar(c);
                            830 ;	genAssign
   0101 90s00r00            831 	mov	dptr,#_c
   0104 E0                  832 	movx	a,@dptr
                            833 ;	genCall
   0105 FA                  834 	mov	r2,a
                            835 ;	Peephole 244.c	loading dpl from a instead of r2
   0106 F5 82               836 	mov	dpl,a
   0108 12s00r0C            837 	lcall	_putchar
                            838 ;	LAB3_PWM1.c:88: printf_tiny("\r\n");
                            839 ;	genIpush
   010B 74r54               840 	mov	a,#__str_10
   010D C0 E0               841 	push	acc
   010F 74s01               842 	mov	a,#(__str_10 >> 8)
   0111 C0 E0               843 	push	acc
                            844 ;	genCall
   0113 12s00r00            845 	lcall	_printf_tiny
   0116 15 81               846 	dec	sp
   0118 15 81               847 	dec	sp
                            848 ;	LAB3_PWM1.c:90: if(c=='H')
                            849 ;	genAssign
   011A 90s00r00            850 	mov	dptr,#_c
   011D E0                  851 	movx	a,@dptr
   011E FA                  852 	mov	r2,a
                            853 ;	genCmpEq
                            854 ;	gencjneshort
                            855 ;	Peephole 112.b	changed ljmp to sjmp
                            856 ;	Peephole 198.b	optimized misc jump sequence
   011F BA 48 12            857 	cjne	r2,#0x48,00120$
                            858 ;	Peephole 200.b	removed redundant sjmp
                            859 ;	Peephole 300	removed redundant label 00131$
                            860 ;	Peephole 300	removed redundant label 00132$
                            861 ;	LAB3_PWM1.c:92: printf_tiny("High speed output mode is enabled\r\n");
                            862 ;	genIpush
   0122 74r57               863 	mov	a,#__str_11
   0124 C0 E0               864 	push	acc
   0126 74s01               865 	mov	a,#(__str_11 >> 8)
   0128 C0 E0               866 	push	acc
                            867 ;	genCall
   012A 12s00r00            868 	lcall	_printf_tiny
   012D 15 81               869 	dec	sp
   012F 15 81               870 	dec	sp
                            871 ;	LAB3_PWM1.c:93: highspeed();//call highspeed function
                            872 ;	genCall
                            873 ;	Peephole 251.a	replaced ljmp to ret with ret
                            874 ;	Peephole 253.a	replaced lcall/ret with ljmp
   0131 02s01rFC            875 	ljmp	_highspeed
   0134                     876 00120$:
                            877 ;	LAB3_PWM1.c:95: else if(c=='P')
                            878 ;	genCmpEq
                            879 ;	gencjneshort
                            880 ;	Peephole 112.b	changed ljmp to sjmp
                            881 ;	Peephole 198.b	optimized misc jump sequence
   0134 BA 50 12            882 	cjne	r2,#0x50,00117$
                            883 ;	Peephole 200.b	removed redundant sjmp
                            884 ;	Peephole 300	removed redundant label 00133$
                            885 ;	Peephole 300	removed redundant label 00134$
                            886 ;	LAB3_PWM1.c:97: printf_tiny("Power down mode is enabled\r\n");
                            887 ;	genIpush
   0137 74r7B               888 	mov	a,#__str_12
   0139 C0 E0               889 	push	acc
   013B 74s01               890 	mov	a,#(__str_12 >> 8)
   013D C0 E0               891 	push	acc
                            892 ;	genCall
   013F 12s00r00            893 	lcall	_printf_tiny
   0142 15 81               894 	dec	sp
   0144 15 81               895 	dec	sp
                            896 ;	LAB3_PWM1.c:98: powerdown();//call powerDown function
                            897 ;	genCall
                            898 ;	Peephole 251.a	replaced ljmp to ret with ret
                            899 ;	Peephole 253.a	replaced lcall/ret with ljmp
   0146 02s01rC8            900 	ljmp	_powerdown
   0149                     901 00117$:
                            902 ;	LAB3_PWM1.c:100: else if(c=='L')
                            903 ;	genCmpEq
                            904 ;	gencjneshort
                            905 ;	Peephole 112.b	changed ljmp to sjmp
                            906 ;	Peephole 198.b	optimized misc jump sequence
   0149 BA 4C 12            907 	cjne	r2,#0x4C,00114$
                            908 ;	Peephole 200.b	removed redundant sjmp
                            909 ;	Peephole 300	removed redundant label 00135$
                            910 ;	Peephole 300	removed redundant label 00136$
                            911 ;	LAB3_PWM1.c:102: printf_tiny("Idle mode is enabled\r\n");
                            912 ;	genIpush
   014C 74r98               913 	mov	a,#__str_13
   014E C0 E0               914 	push	acc
   0150 74s01               915 	mov	a,#(__str_13 >> 8)
   0152 C0 E0               916 	push	acc
                            917 ;	genCall
   0154 12s00r00            918 	lcall	_printf_tiny
   0157 15 81               919 	dec	sp
   0159 15 81               920 	dec	sp
                            921 ;	LAB3_PWM1.c:103: idle();//call Idle function
                            922 ;	genCall
                            923 ;	Peephole 251.a	replaced ljmp to ret with ret
                            924 ;	Peephole 253.a	replaced lcall/ret with ljmp
   015B 02s01rDE            925 	ljmp	_idle
   015E                     926 00114$:
                            927 ;	LAB3_PWM1.c:105: else if(c=='R')
                            928 ;	genCmpEq
                            929 ;	gencjneshort
                            930 ;	Peephole 112.b	changed ljmp to sjmp
                            931 ;	Peephole 198.b	optimized misc jump sequence
   015E BA 52 12            932 	cjne	r2,#0x52,00111$
                            933 ;	Peephole 200.b	removed redundant sjmp
                            934 ;	Peephole 300	removed redundant label 00137$
                            935 ;	Peephole 300	removed redundant label 00138$
                            936 ;	LAB3_PWM1.c:107: printf_tiny("Run mode is enabled\r\n");
                            937 ;	genIpush
   0161 74rAF               938 	mov	a,#__str_14
   0163 C0 E0               939 	push	acc
   0165 74s01               940 	mov	a,#(__str_14 >> 8)
   0167 C0 E0               941 	push	acc
                            942 ;	genCall
   0169 12s00r00            943 	lcall	_printf_tiny
   016C 15 81               944 	dec	sp
   016E 15 81               945 	dec	sp
                            946 ;	LAB3_PWM1.c:108: run(); //call run functiom
                            947 ;	genCall
                            948 ;	Peephole 112.b	changed ljmp to sjmp
                            949 ;	Peephole 251.b	replaced sjmp to ret with ret
                            950 ;	Peephole 253.a	replaced lcall/ret with ljmp
   0170 02s01rF4            951 	ljmp	_run
   0173                     952 00111$:
                            953 ;	LAB3_PWM1.c:110: else if(c=='S')
                            954 ;	genCmpEq
                            955 ;	gencjneshort
                            956 ;	Peephole 112.b	changed ljmp to sjmp
                            957 ;	Peephole 198.b	optimized misc jump sequence
   0173 BA 53 12            958 	cjne	r2,#0x53,00108$
                            959 ;	Peephole 200.b	removed redundant sjmp
                            960 ;	Peephole 300	removed redundant label 00139$
                            961 ;	Peephole 300	removed redundant label 00140$
                            962 ;	LAB3_PWM1.c:112: printf_tiny("Stop mode is enabled\r\n");
                            963 ;	genIpush
   0176 74rC5               964 	mov	a,#__str_15
   0178 C0 E0               965 	push	acc
   017A 74s01               966 	mov	a,#(__str_15 >> 8)
   017C C0 E0               967 	push	acc
                            968 ;	genCall
   017E 12s00r00            969 	lcall	_printf_tiny
   0181 15 81               970 	dec	sp
   0183 15 81               971 	dec	sp
                            972 ;	LAB3_PWM1.c:113: stop(); //call stop function
                            973 ;	genCall
                            974 ;	Peephole 112.b	changed ljmp to sjmp
                            975 ;	Peephole 251.b	replaced sjmp to ret with ret
                            976 ;	Peephole 253.a	replaced lcall/ret with ljmp
   0185 02s01rF8            977 	ljmp	_stop
   0188                     978 00108$:
                            979 ;	LAB3_PWM1.c:115: else if(c=='I')
                            980 ;	genCmpEq
                            981 ;	gencjneshort
                            982 ;	Peephole 112.b	changed ljmp to sjmp
                            983 ;	Peephole 198.b	optimized misc jump sequence
   0188 BA 49 12            984 	cjne	r2,#0x49,00105$
                            985 ;	Peephole 200.b	removed redundant sjmp
                            986 ;	Peephole 300	removed redundant label 00141$
                            987 ;	Peephole 300	removed redundant label 00142$
                            988 ;	LAB3_PWM1.c:117: printf_tiny("Increase mode is enabled\r\n");
                            989 ;	genIpush
   018B 74rDC               990 	mov	a,#__str_16
   018D C0 E0               991 	push	acc
   018F 74s01               992 	mov	a,#(__str_16 >> 8)
   0191 C0 E0               993 	push	acc
                            994 ;	genCall
   0193 12s00r00            995 	lcall	_printf_tiny
   0196 15 81               996 	dec	sp
   0198 15 81               997 	dec	sp
                            998 ;	LAB3_PWM1.c:118: increase(); //call increase function
                            999 ;	genCall
                           1000 ;	Peephole 112.b	changed ljmp to sjmp
                           1001 ;	Peephole 251.b	replaced sjmp to ret with ret
                           1002 ;	Peephole 253.a	replaced lcall/ret with ljmp
   019A 02s02r06           1003 	ljmp	_increase
   019D                    1004 00105$:
                           1005 ;	LAB3_PWM1.c:120: else if(c=='D')
                           1006 ;	genCmpEq
                           1007 ;	gencjneshort
                           1008 ;	Peephole 112.b	changed ljmp to sjmp
                           1009 ;	Peephole 198.b	optimized misc jump sequence
   019D BA 44 12           1010 	cjne	r2,#0x44,00102$
                           1011 ;	Peephole 200.b	removed redundant sjmp
                           1012 ;	Peephole 300	removed redundant label 00143$
                           1013 ;	Peephole 300	removed redundant label 00144$
                           1014 ;	LAB3_PWM1.c:122: printf_tiny("Decrease mode is enabled\r\n");
                           1015 ;	genIpush
   01A0 74rF7              1016 	mov	a,#__str_17
   01A2 C0 E0              1017 	push	acc
   01A4 74s01              1018 	mov	a,#(__str_17 >> 8)
   01A6 C0 E0              1019 	push	acc
                           1020 ;	genCall
   01A8 12s00r00           1021 	lcall	_printf_tiny
   01AB 15 81              1022 	dec	sp
   01AD 15 81              1023 	dec	sp
                           1024 ;	LAB3_PWM1.c:123: decrease(); //call decrease function
                           1025 ;	genCall
                           1026 ;	Peephole 112.b	changed ljmp to sjmp
                           1027 ;	Peephole 251.b	replaced sjmp to ret with ret
                           1028 ;	Peephole 253.a	replaced lcall/ret with ljmp
   01AF 02s02r87           1029 	ljmp	_decrease
   01B2                    1030 00102$:
                           1031 ;	LAB3_PWM1.c:127: printf_tiny("None of the characters you entered match the command characters\r\n");
                           1032 ;	genIpush
   01B2 74r12              1033 	mov	a,#__str_18
   01B4 C0 E0              1034 	push	acc
   01B6 74s02              1035 	mov	a,#(__str_18 >> 8)
   01B8 C0 E0              1036 	push	acc
                           1037 ;	genCall
   01BA 12s00r00           1038 	lcall	_printf_tiny
   01BD 15 81              1039 	dec	sp
   01BF 15 81              1040 	dec	sp
                           1041 ;	LAB3_PWM1.c:128: pwm(); //call pwm function
                           1042 ;	genCall
                           1043 ;	Peephole 253.b	replaced lcall/ret with ljmp
   01C1 02s00r62           1044 	ljmp	_pwm
                           1045 ;
                           1046 ;------------------------------------------------------------
                           1047 ;Allocation info for local variables in function 'INT0_isr'
                           1048 ;------------------------------------------------------------
                           1049 ;------------------------------------------------------------
                           1050 ;	LAB3_PWM1.c:131: void INT0_isr (void) interrupt(0) //External interrupt
                           1051 ;	-----------------------------------------
                           1052 ;	 function INT0_isr
                           1053 ;	-----------------------------------------
   01C4                    1054 _INT0_isr:
                           1055 ;	LAB3_PWM1.c:134: IEN0=0x00; //Disable all interrupts
                           1056 ;	genAssign
   01C4 75 A8 00           1057 	mov	_IEN0,#0x00
                           1058 ;	Peephole 300	removed redundant label 00101$
   01C7 32                 1059 	reti
                           1060 ;	eliminated unneeded push/pop psw
                           1061 ;	eliminated unneeded push/pop dpl
                           1062 ;	eliminated unneeded push/pop dph
                           1063 ;	eliminated unneeded push/pop b
                           1064 ;	eliminated unneeded push/pop acc
                           1065 ;------------------------------------------------------------
                           1066 ;Allocation info for local variables in function 'powerdown'
                           1067 ;------------------------------------------------------------
                           1068 ;------------------------------------------------------------
                           1069 ;	LAB3_PWM1.c:137: void powerdown()
                           1070 ;	-----------------------------------------
                           1071 ;	 function powerdown
                           1072 ;	-----------------------------------------
   01C8                    1073 _powerdown:
                           1074 ;	LAB3_PWM1.c:139: printf_tiny("\r\nPower down mode\r\n");
                           1075 ;	genIpush
   01C8 74r54              1076 	mov	a,#__str_19
   01CA C0 E0              1077 	push	acc
   01CC 74s02              1078 	mov	a,#(__str_19 >> 8)
   01CE C0 E0              1079 	push	acc
                           1080 ;	genCall
   01D0 12s00r00           1081 	lcall	_printf_tiny
   01D3 15 81              1082 	dec	sp
   01D5 15 81              1083 	dec	sp
                           1084 ;	LAB3_PWM1.c:140: IEN0=0x81; //enable external interrupt
                           1085 ;	genAssign
   01D7 75 A8 81           1086 	mov	_IEN0,#0x81
                           1087 ;	LAB3_PWM1.c:141: PCON|=0x02; //set the bit PD for power down mode
                           1088 ;	genOr
   01DA 43 87 02           1089 	orl	_PCON,#0x02
                           1090 ;	LAB3_PWM1.c:142: return;
                           1091 ;	genRet
                           1092 ;	Peephole 300	removed redundant label 00101$
   01DD 22                 1093 	ret
                           1094 ;------------------------------------------------------------
                           1095 ;Allocation info for local variables in function 'idle'
                           1096 ;------------------------------------------------------------
                           1097 ;------------------------------------------------------------
                           1098 ;	LAB3_PWM1.c:145: void idle()
                           1099 ;	-----------------------------------------
                           1100 ;	 function idle
                           1101 ;	-----------------------------------------
   01DE                    1102 _idle:
                           1103 ;	LAB3_PWM1.c:147: printf_tiny("\r\Idle mode\r\n");
                           1104 ;	genIpush
   01DE 74r68              1105 	mov	a,#__str_20
   01E0 C0 E0              1106 	push	acc
   01E2 74s02              1107 	mov	a,#(__str_20 >> 8)
   01E4 C0 E0              1108 	push	acc
                           1109 ;	genCall
   01E6 12s00r00           1110 	lcall	_printf_tiny
   01E9 15 81              1111 	dec	sp
   01EB 15 81              1112 	dec	sp
                           1113 ;	LAB3_PWM1.c:148: IEN0=0x81; //enable external interrupt
                           1114 ;	genAssign
   01ED 75 A8 81           1115 	mov	_IEN0,#0x81
                           1116 ;	LAB3_PWM1.c:149: PCON|=0x01; //set the bit IDL for IDLE mode
                           1117 ;	genOr
   01F0 43 87 01           1118 	orl	_PCON,#0x01
                           1119 ;	LAB3_PWM1.c:150: return;
                           1120 ;	genRet
                           1121 ;	Peephole 300	removed redundant label 00101$
   01F3 22                 1122 	ret
                           1123 ;------------------------------------------------------------
                           1124 ;Allocation info for local variables in function 'run'
                           1125 ;------------------------------------------------------------
                           1126 ;------------------------------------------------------------
                           1127 ;	LAB3_PWM1.c:153: void run()
                           1128 ;	-----------------------------------------
                           1129 ;	 function run
                           1130 ;	-----------------------------------------
   01F4                    1131 _run:
                           1132 ;	LAB3_PWM1.c:155: CCON=0x40;//Enable PCA Counter Run Control Bit
                           1133 ;	genAssign
   01F4 75 D8 40           1134 	mov	_CCON,#0x40
                           1135 ;	LAB3_PWM1.c:156: return;
                           1136 ;	genRet
                           1137 ;	Peephole 300	removed redundant label 00101$
   01F7 22                 1138 	ret
                           1139 ;------------------------------------------------------------
                           1140 ;Allocation info for local variables in function 'stop'
                           1141 ;------------------------------------------------------------
                           1142 ;------------------------------------------------------------
                           1143 ;	LAB3_PWM1.c:159: void stop()
                           1144 ;	-----------------------------------------
                           1145 ;	 function stop
                           1146 ;	-----------------------------------------
   01F8                    1147 _stop:
                           1148 ;	LAB3_PWM1.c:161: CCON=0x00;//disable timer
                           1149 ;	genAssign
   01F8 75 D8 00           1150 	mov	_CCON,#0x00
                           1151 ;	LAB3_PWM1.c:162: return;
                           1152 ;	genRet
                           1153 ;	Peephole 300	removed redundant label 00101$
   01FB 22                 1154 	ret
                           1155 ;------------------------------------------------------------
                           1156 ;Allocation info for local variables in function 'highspeed'
                           1157 ;------------------------------------------------------------
                           1158 ;------------------------------------------------------------
                           1159 ;	LAB3_PWM1.c:165: void highspeed()
                           1160 ;	-----------------------------------------
                           1161 ;	 function highspeed
                           1162 ;	-----------------------------------------
   01FC                    1163 _highspeed:
                           1164 ;	LAB3_PWM1.c:167: CCAP1L = 0xFF; // Set the initial value same as CCAP1H
                           1165 ;	genAssign
   01FC 75 EB FF           1166 	mov	_CCAP1L,#0xFF
                           1167 ;	LAB3_PWM1.c:168: CCAP1H = 0xFF;
                           1168 ;	genAssign
   01FF 75 FB FF           1169 	mov	_CCAP1H,#0xFF
                           1170 ;	LAB3_PWM1.c:169: CCAPM1=0x4c; //Set the module in high speed output mode; ECOM:MAT:TOG;
                           1171 ;	genAssign
   0202 75 DB 4C           1172 	mov	_CCAPM1,#0x4C
                           1173 ;	LAB3_PWM1.c:170: return;
                           1174 ;	genRet
                           1175 ;	Peephole 300	removed redundant label 00101$
   0205 22                 1176 	ret
                           1177 ;------------------------------------------------------------
                           1178 ;Allocation info for local variables in function 'increase'
                           1179 ;------------------------------------------------------------
                           1180 ;------------------------------------------------------------
                           1181 ;	LAB3_PWM1.c:173: void increase()
                           1182 ;	-----------------------------------------
                           1183 ;	 function increase
                           1184 ;	-----------------------------------------
   0206                    1185 _increase:
                           1186 ;	LAB3_PWM1.c:175: if(dutycycle==0x0D) //when dutycycle reached 94%
                           1187 ;	genAssign
   0206 90s00r00           1188 	mov	dptr,#_dutycycle
   0209 E0                 1189 	movx	a,@dptr
   020A FA                 1190 	mov	r2,a
   020B A3                 1191 	inc	dptr
   020C E0                 1192 	movx	a,@dptr
   020D FB                 1193 	mov	r3,a
                           1194 ;	genCmpEq
                           1195 ;	gencjneshort
                           1196 ;	Peephole 112.b	changed ljmp to sjmp
                           1197 ;	Peephole 198.a	optimized misc jump sequence
   020E BA 0D 2A           1198 	cjne	r2,#0x0D,00108$
   0211 BB 00 27           1199 	cjne	r3,#0x00,00108$
                           1200 ;	Peephole 200.b	removed redundant sjmp
                           1201 ;	Peephole 300	removed redundant label 00115$
                           1202 ;	Peephole 300	removed redundant label 00116$
                           1203 ;	LAB3_PWM1.c:177: dutycycle=0x00; //set dutycyle to 100%
                           1204 ;	genAssign
   0214 90s00r00           1205 	mov	dptr,#_dutycycle
   0217 E4                 1206 	clr	a
   0218 F0                 1207 	movx	@dptr,a
   0219 A3                 1208 	inc	dptr
   021A F0                 1209 	movx	@dptr,a
                           1210 ;	LAB3_PWM1.c:178: printf_tiny("You have reached the maximum level of duty cycle\r\n");
                           1211 ;	genIpush
   021B 74r75              1212 	mov	a,#__str_21
   021D C0 E0              1213 	push	acc
   021F 74s02              1214 	mov	a,#(__str_21 >> 8)
   0221 C0 E0              1215 	push	acc
                           1216 ;	genCall
   0223 12s00r00           1217 	lcall	_printf_tiny
   0226 15 81              1218 	dec	sp
   0228 15 81              1219 	dec	sp
                           1220 ;	LAB3_PWM1.c:179: pwm_init(dutycycle);
                           1221 ;	genAssign
   022A 90s00r00           1222 	mov	dptr,#_dutycycle
   022D E0                 1223 	movx	a,@dptr
   022E FC                 1224 	mov	r4,a
   022F A3                 1225 	inc	dptr
   0230 E0                 1226 	movx	a,@dptr
   0231 FD                 1227 	mov	r5,a
                           1228 ;	genCall
   0232 8C 82              1229 	mov	dpl,r4
   0234 8D 83              1230 	mov	dph,r5
   0236 12s00r36           1231 	lcall	_pwm_init
                           1232 ;	Peephole 112.b	changed ljmp to sjmp
   0239 80 4B              1233 	sjmp	00109$
   023B                    1234 00108$:
                           1235 ;	LAB3_PWM1.c:181: else if(dutycycle==0x00) //when dutycycle reaches 100%
                           1236 ;	genIfx
   023B EA                 1237 	mov	a,r2
   023C 4B                 1238 	orl	a,r3
                           1239 ;	genIfxJump
                           1240 ;	Peephole 108.b	removed ljmp by inverse jump logic
   023D 70 11              1241 	jnz	00105$
                           1242 ;	Peephole 300	removed redundant label 00117$
                           1243 ;	LAB3_PWM1.c:183: dutycycle=0x8A; //if increased set it to 46%
                           1244 ;	genAssign
   023F 90s00r00           1245 	mov	dptr,#_dutycycle
   0242 74 8A              1246 	mov	a,#0x8A
   0244 F0                 1247 	movx	@dptr,a
   0245 E4                 1248 	clr	a
   0246 A3                 1249 	inc	dptr
   0247 F0                 1250 	movx	@dptr,a
                           1251 ;	LAB3_PWM1.c:184: pwm_init(dutycycle);
                           1252 ;	genCall
                           1253 ;	Peephole 182.b	used 16 bit load of dptr
   0248 90 00 8A           1254 	mov	dptr,#0x008A
   024B 12s00r36           1255 	lcall	_pwm_init
                           1256 ;	Peephole 112.b	changed ljmp to sjmp
   024E 80 36              1257 	sjmp	00109$
   0250                    1258 00105$:
                           1259 ;	LAB3_PWM1.c:186: else if(dutycycle==0xFF) //if dutycycle is increasing from 0%
                           1260 ;	genCmpEq
                           1261 ;	gencjneshort
                           1262 ;	Peephole 112.b	changed ljmp to sjmp
                           1263 ;	Peephole 198.a	optimized misc jump sequence
   0250 BA FF 14           1264 	cjne	r2,#0xFF,00102$
   0253 BB 00 11           1265 	cjne	r3,#0x00,00102$
                           1266 ;	Peephole 200.b	removed redundant sjmp
                           1267 ;	Peephole 300	removed redundant label 00118$
                           1268 ;	Peephole 300	removed redundant label 00119$
                           1269 ;	LAB3_PWM1.c:188: dutycycle=0xD5; //increase it to 16.4%
                           1270 ;	genAssign
   0256 90s00r00           1271 	mov	dptr,#_dutycycle
   0259 74 D5              1272 	mov	a,#0xD5
   025B F0                 1273 	movx	@dptr,a
   025C E4                 1274 	clr	a
   025D A3                 1275 	inc	dptr
   025E F0                 1276 	movx	@dptr,a
                           1277 ;	LAB3_PWM1.c:189: pwm_init(dutycycle);
                           1278 ;	genCall
                           1279 ;	Peephole 182.b	used 16 bit load of dptr
   025F 90 00 D5           1280 	mov	dptr,#0x00D5
   0262 12s00r36           1281 	lcall	_pwm_init
                           1282 ;	Peephole 112.b	changed ljmp to sjmp
   0265 80 1F              1283 	sjmp	00109$
   0267                    1284 00102$:
                           1285 ;	LAB3_PWM1.c:193: dutycycle-=0x19; //otherwise keep increasing dutycycle by approx 10%
                           1286 ;	genMinus
   0267 EA                 1287 	mov	a,r2
   0268 24 E7              1288 	add	a,#0xe7
   026A FA                 1289 	mov	r2,a
   026B EB                 1290 	mov	a,r3
   026C 34 FF              1291 	addc	a,#0xff
   026E FB                 1292 	mov	r3,a
                           1293 ;	genAssign
   026F 90s00r00           1294 	mov	dptr,#_dutycycle
   0272 EA                 1295 	mov	a,r2
   0273 F0                 1296 	movx	@dptr,a
   0274 A3                 1297 	inc	dptr
   0275 EB                 1298 	mov	a,r3
   0276 F0                 1299 	movx	@dptr,a
                           1300 ;	LAB3_PWM1.c:194: pwm_init(dutycycle);
                           1301 ;	genAssign
   0277 90s00r00           1302 	mov	dptr,#_dutycycle
   027A E0                 1303 	movx	a,@dptr
   027B FA                 1304 	mov	r2,a
   027C A3                 1305 	inc	dptr
   027D E0                 1306 	movx	a,@dptr
   027E FB                 1307 	mov	r3,a
                           1308 ;	genCall
   027F 8A 82              1309 	mov	dpl,r2
   0281 8B 83              1310 	mov	dph,r3
   0283 12s00r36           1311 	lcall	_pwm_init
   0286                    1312 00109$:
                           1313 ;	LAB3_PWM1.c:196: return;
                           1314 ;	genRet
                           1315 ;	Peephole 300	removed redundant label 00110$
   0286 22                 1316 	ret
                           1317 ;------------------------------------------------------------
                           1318 ;Allocation info for local variables in function 'decrease'
                           1319 ;------------------------------------------------------------
                           1320 ;------------------------------------------------------------
                           1321 ;	LAB3_PWM1.c:199: void decrease()
                           1322 ;	-----------------------------------------
                           1323 ;	 function decrease
                           1324 ;	-----------------------------------------
   0287                    1325 _decrease:
                           1326 ;	LAB3_PWM1.c:201: if(dutycycle==0xD5) //When dutycycle reached 16.4%
                           1327 ;	genAssign
   0287 90s00r00           1328 	mov	dptr,#_dutycycle
   028A E0                 1329 	movx	a,@dptr
   028B FA                 1330 	mov	r2,a
   028C A3                 1331 	inc	dptr
   028D E0                 1332 	movx	a,@dptr
   028E FB                 1333 	mov	r3,a
                           1334 ;	genCmpEq
                           1335 ;	gencjneshort
                           1336 ;	Peephole 112.b	changed ljmp to sjmp
                           1337 ;	Peephole 198.a	optimized misc jump sequence
   028F BA D5 2C           1338 	cjne	r2,#0xD5,00108$
   0292 BB 00 29           1339 	cjne	r3,#0x00,00108$
                           1340 ;	Peephole 200.b	removed redundant sjmp
                           1341 ;	Peephole 300	removed redundant label 00115$
                           1342 ;	Peephole 300	removed redundant label 00116$
                           1343 ;	LAB3_PWM1.c:203: dutycycle=0xFF; //set the dutycycle to 0%
                           1344 ;	genAssign
   0295 90s00r00           1345 	mov	dptr,#_dutycycle
   0298 74 FF              1346 	mov	a,#0xFF
   029A F0                 1347 	movx	@dptr,a
   029B E4                 1348 	clr	a
   029C A3                 1349 	inc	dptr
   029D F0                 1350 	movx	@dptr,a
                           1351 ;	LAB3_PWM1.c:204: printf_tiny("You have reached the minimum level of duty cycle\r\n");
                           1352 ;	genIpush
   029E 74rA8              1353 	mov	a,#__str_22
   02A0 C0 E0              1354 	push	acc
   02A2 74s02              1355 	mov	a,#(__str_22 >> 8)
   02A4 C0 E0              1356 	push	acc
                           1357 ;	genCall
   02A6 12s00r00           1358 	lcall	_printf_tiny
   02A9 15 81              1359 	dec	sp
   02AB 15 81              1360 	dec	sp
                           1361 ;	LAB3_PWM1.c:205: pwm_init(dutycycle);
                           1362 ;	genAssign
   02AD 90s00r00           1363 	mov	dptr,#_dutycycle
   02B0 E0                 1364 	movx	a,@dptr
   02B1 FC                 1365 	mov	r4,a
   02B2 A3                 1366 	inc	dptr
   02B3 E0                 1367 	movx	a,@dptr
   02B4 FD                 1368 	mov	r5,a
                           1369 ;	genCall
   02B5 8C 82              1370 	mov	dpl,r4
   02B7 8D 83              1371 	mov	dph,r5
   02B9 12s00r36           1372 	lcall	_pwm_init
                           1373 ;	Peephole 112.b	changed ljmp to sjmp
   02BC 80 46              1374 	sjmp	00109$
   02BE                    1375 00108$:
                           1376 ;	LAB3_PWM1.c:207: else if(dutycycle==0xFF) //when dutycycle reached 0%
                           1377 ;	genCmpEq
                           1378 ;	gencjneshort
                           1379 ;	Peephole 112.b	changed ljmp to sjmp
                           1380 ;	Peephole 198.a	optimized misc jump sequence
   02BE BA FF 14           1381 	cjne	r2,#0xFF,00105$
   02C1 BB 00 11           1382 	cjne	r3,#0x00,00105$
                           1383 ;	Peephole 200.b	removed redundant sjmp
                           1384 ;	Peephole 300	removed redundant label 00117$
                           1385 ;	Peephole 300	removed redundant label 00118$
                           1386 ;	LAB3_PWM1.c:209: dutycycle=0x8A; //if decreased set it to 46%
                           1387 ;	genAssign
   02C4 90s00r00           1388 	mov	dptr,#_dutycycle
   02C7 74 8A              1389 	mov	a,#0x8A
   02C9 F0                 1390 	movx	@dptr,a
   02CA E4                 1391 	clr	a
   02CB A3                 1392 	inc	dptr
   02CC F0                 1393 	movx	@dptr,a
                           1394 ;	LAB3_PWM1.c:210: pwm_init(dutycycle);
                           1395 ;	genCall
                           1396 ;	Peephole 182.b	used 16 bit load of dptr
   02CD 90 00 8A           1397 	mov	dptr,#0x008A
   02D0 12s00r36           1398 	lcall	_pwm_init
                           1399 ;	Peephole 112.b	changed ljmp to sjmp
   02D3 80 2F              1400 	sjmp	00109$
   02D5                    1401 00105$:
                           1402 ;	LAB3_PWM1.c:212: else if(dutycycle==0x00) //if dutycycle is decreasing from 100%
                           1403 ;	genIfx
   02D5 EA                 1404 	mov	a,r2
   02D6 4B                 1405 	orl	a,r3
                           1406 ;	genIfxJump
                           1407 ;	Peephole 108.b	removed ljmp by inverse jump logic
   02D7 70 11              1408 	jnz	00102$
                           1409 ;	Peephole 300	removed redundant label 00119$
                           1410 ;	LAB3_PWM1.c:214: dutycycle=0x0D;  //decrease it to ~95%
                           1411 ;	genAssign
   02D9 90s00r00           1412 	mov	dptr,#_dutycycle
   02DC 74 0D              1413 	mov	a,#0x0D
   02DE F0                 1414 	movx	@dptr,a
   02DF E4                 1415 	clr	a
   02E0 A3                 1416 	inc	dptr
   02E1 F0                 1417 	movx	@dptr,a
                           1418 ;	LAB3_PWM1.c:215: pwm_init(dutycycle);
                           1419 ;	genCall
                           1420 ;	Peephole 182.b	used 16 bit load of dptr
   02E2 90 00 0D           1421 	mov	dptr,#0x000D
   02E5 12s00r36           1422 	lcall	_pwm_init
                           1423 ;	Peephole 112.b	changed ljmp to sjmp
   02E8 80 1A              1424 	sjmp	00109$
   02EA                    1425 00102$:
                           1426 ;	LAB3_PWM1.c:219: dutycycle+=0x19; //otherwise keep decreasing the dutycycle by approx 10%
                           1427 ;	genPlus
   02EA 90s00r00           1428 	mov	dptr,#_dutycycle
                           1429 ;     genPlusIncr
   02ED 74 19              1430 	mov	a,#0x19
                           1431 ;	Peephole 236.a	used r2 instead of ar2
   02EF 2A                 1432 	add	a,r2
   02F0 F0                 1433 	movx	@dptr,a
                           1434 ;	Peephole 181	changed mov to clr
   02F1 E4                 1435 	clr	a
                           1436 ;	Peephole 236.b	used r3 instead of ar3
   02F2 3B                 1437 	addc	a,r3
   02F3 A3                 1438 	inc	dptr
   02F4 F0                 1439 	movx	@dptr,a
                           1440 ;	LAB3_PWM1.c:220: pwm_init(dutycycle);
                           1441 ;	genAssign
   02F5 90s00r00           1442 	mov	dptr,#_dutycycle
   02F8 E0                 1443 	movx	a,@dptr
   02F9 FA                 1444 	mov	r2,a
   02FA A3                 1445 	inc	dptr
   02FB E0                 1446 	movx	a,@dptr
   02FC FB                 1447 	mov	r3,a
                           1448 ;	genCall
   02FD 8A 82              1449 	mov	dpl,r2
   02FF 8B 83              1450 	mov	dph,r3
   0301 12s00r36           1451 	lcall	_pwm_init
   0304                    1452 00109$:
                           1453 ;	LAB3_PWM1.c:223: return;
                           1454 ;	genRet
                           1455 ;	Peephole 300	removed redundant label 00110$
   0304 22                 1456 	ret
                           1457 ;------------------------------------------------------------
                           1458 ;Allocation info for local variables in function 'main'
                           1459 ;------------------------------------------------------------
                           1460 ;------------------------------------------------------------
                           1461 ;	LAB3_PWM1.c:226: void main()
                           1462 ;	-----------------------------------------
                           1463 ;	 function main
                           1464 ;	-----------------------------------------
   0305                    1465 _main:
                           1466 ;	LAB3_PWM1.c:228: init_hardware(); //call hardware initialistion function
                           1467 ;	genCall
   0305 12s00r28           1468 	lcall	_init_hardware
                           1469 ;	LAB3_PWM1.c:229: pwm_init(dutycycle); //call pwm initialisation function
                           1470 ;	genAssign
   0308 90s00r00           1471 	mov	dptr,#_dutycycle
   030B E0                 1472 	movx	a,@dptr
   030C FA                 1473 	mov	r2,a
   030D A3                 1474 	inc	dptr
   030E E0                 1475 	movx	a,@dptr
   030F FB                 1476 	mov	r3,a
                           1477 ;	genCall
   0310 8A 82              1478 	mov	dpl,r2
   0312 8B 83              1479 	mov	dph,r3
   0314 12s00r36           1480 	lcall	_pwm_init
                           1481 ;	LAB3_PWM1.c:230: while (1)
   0317                    1482 00102$:
                           1483 ;	LAB3_PWM1.c:232: pwm();//call the pwm menu function
                           1484 ;	genCall
   0317 12s00r62           1485 	lcall	_pwm
                           1486 ;	Peephole 112.b	changed ljmp to sjmp
   031A 80 FB              1487 	sjmp	00102$
                           1488 ;	Peephole 259.a	removed redundant label 00104$ and ret
                           1489 ;
                           1490 	.area CSEG    (CODE)
                           1491 	.area CONST   (CODE)
   0000                    1492 __str_0:
   0000 0D                 1493 	.db 0x0D
   0001 0A                 1494 	.db 0x0A
   0002 2A 2A 2A 2A 2A 2A  1495 	.ascii "********************MENU*************************"
        2A 2A 2A 2A 2A 2A
        2A 2A 2A 2A 2A 2A
        2A 2A 4D 45 4E 55
        2A 2A 2A 2A 2A 2A
        2A 2A 2A 2A 2A 2A
        2A 2A 2A 2A 2A 2A
        2A 2A 2A 2A 2A 2A
        2A
   0033 0D                 1496 	.db 0x0D
   0034 0A                 1497 	.db 0x0A
   0035 00                 1498 	.db 0x00
   0036                    1499 __str_1:
   0036 0D                 1500 	.db 0x0D
   0037 0A                 1501 	.db 0x0A
   0038 27 52 27 20 2D 2D  1502 	.ascii "'R' --------- Run PWM"
        2D 2D 2D 2D 2D 2D
        2D 20 52 75 6E 20
        50 57 4D
   004D 0D                 1503 	.db 0x0D
   004E 0A                 1504 	.db 0x0A
   004F 00                 1505 	.db 0x00
   0050                    1506 __str_2:
   0050 0D                 1507 	.db 0x0D
   0051 0A                 1508 	.db 0x0A
   0052 27 53 27 20 2D 2D  1509 	.ascii "'S' --------- Stop PWM"
        2D 2D 2D 2D 2D 2D
        2D 20 53 74 6F 70
        20 50 57 4D
   0068 0D                 1510 	.db 0x0D
   0069 0A                 1511 	.db 0x0A
   006A 00                 1512 	.db 0x00
   006B                    1513 __str_3:
   006B 0D                 1514 	.db 0x0D
   006C 0A                 1515 	.db 0x0A
   006D 27 48 27 20 2D 2D  1516 	.ascii "'H' --------- High speed Mode"
        2D 2D 2D 2D 2D 2D
        2D 20 48 69 67 68
        20 73 70 65 65 64
        20 4D 6F 64 65
   008A 0D                 1517 	.db 0x0D
   008B 0A                 1518 	.db 0x0A
   008C 00                 1519 	.db 0x00
   008D                    1520 __str_4:
   008D 0D                 1521 	.db 0x0D
   008E 0A                 1522 	.db 0x0A
   008F 27 50 27 20 2D 2D  1523 	.ascii "'P' --------- Power down mode"
        2D 2D 2D 2D 2D 2D
        2D 20 50 6F 77 65
        72 20 64 6F 77 6E
        20 6D 6F 64 65
   00AC 0D                 1524 	.db 0x0D
   00AD 0A                 1525 	.db 0x0A
   00AE 00                 1526 	.db 0x00
   00AF                    1527 __str_5:
   00AF 0D                 1528 	.db 0x0D
   00B0 0A                 1529 	.db 0x0A
   00B1 27 4C 27 20 2D 2D  1530 	.ascii "'L' --------- Idle Mode"
        2D 2D 2D 2D 2D 2D
        2D 20 49 64 6C 65
        20 4D 6F 64 65
   00C8 0D                 1531 	.db 0x0D
   00C9 0A                 1532 	.db 0x0A
   00CA 00                 1533 	.db 0x00
   00CB                    1534 __str_6:
   00CB 0D                 1535 	.db 0x0D
   00CC 0A                 1536 	.db 0x0A
   00CD 27 49 27 20 2D 2D  1537 	.ascii "'I' --------- Increase mode"
        2D 2D 2D 2D 2D 2D
        2D 20 49 6E 63 72
        65 61 73 65 20 6D
        6F 64 65
   00E8 0D                 1538 	.db 0x0D
   00E9 0A                 1539 	.db 0x0A
   00EA 00                 1540 	.db 0x00
   00EB                    1541 __str_7:
   00EB 0D                 1542 	.db 0x0D
   00EC 0A                 1543 	.db 0x0A
   00ED 27 44 27 20 2D 2D  1544 	.ascii "'D' --------- Decrease Mode"
        2D 2D 2D 2D 2D 2D
        2D 20 44 65 63 72
        65 61 73 65 20 4D
        6F 64 65
   0108 0D                 1545 	.db 0x0D
   0109 0A                 1546 	.db 0x0A
   010A 00                 1547 	.db 0x00
   010B                    1548 __str_8:
   010B 0D                 1549 	.db 0x0D
   010C 0A                 1550 	.db 0x0A
   010D 45 6E 74 65 72 20  1551 	.ascii "Enter any of the above character"
        61 6E 79 20 6F 66
        20 74 68 65 20 61
        62 6F 76 65 20 63
        68 61 72 61 63 74
        65 72
   012D 0D                 1552 	.db 0x0D
   012E 0A                 1553 	.db 0x0A
   012F 00                 1554 	.db 0x00
   0130                    1555 __str_9:
   0130 54 68 65 20 63 68  1556 	.ascii "The character you have entered is: "
        61 72 61 63 74 65
        72 20 79 6F 75 20
        68 61 76 65 20 65
        6E 74 65 72 65 64
        20 69 73 3A 20
   0153 00                 1557 	.db 0x00
   0154                    1558 __str_10:
   0154 0D                 1559 	.db 0x0D
   0155 0A                 1560 	.db 0x0A
   0156 00                 1561 	.db 0x00
   0157                    1562 __str_11:
   0157 48 69 67 68 20 73  1563 	.ascii "High speed output mode is enabled"
        70 65 65 64 20 6F
        75 74 70 75 74 20
        6D 6F 64 65 20 69
        73 20 65 6E 61 62
        6C 65 64
   0178 0D                 1564 	.db 0x0D
   0179 0A                 1565 	.db 0x0A
   017A 00                 1566 	.db 0x00
   017B                    1567 __str_12:
   017B 50 6F 77 65 72 20  1568 	.ascii "Power down mode is enabled"
        64 6F 77 6E 20 6D
        6F 64 65 20 69 73
        20 65 6E 61 62 6C
        65 64
   0195 0D                 1569 	.db 0x0D
   0196 0A                 1570 	.db 0x0A
   0197 00                 1571 	.db 0x00
   0198                    1572 __str_13:
   0198 49 64 6C 65 20 6D  1573 	.ascii "Idle mode is enabled"
        6F 64 65 20 69 73
        20 65 6E 61 62 6C
        65 64
   01AC 0D                 1574 	.db 0x0D
   01AD 0A                 1575 	.db 0x0A
   01AE 00                 1576 	.db 0x00
   01AF                    1577 __str_14:
   01AF 52 75 6E 20 6D 6F  1578 	.ascii "Run mode is enabled"
        64 65 20 69 73 20
        65 6E 61 62 6C 65
        64
   01C2 0D                 1579 	.db 0x0D
   01C3 0A                 1580 	.db 0x0A
   01C4 00                 1581 	.db 0x00
   01C5                    1582 __str_15:
   01C5 53 74 6F 70 20 6D  1583 	.ascii "Stop mode is enabled"
        6F 64 65 20 69 73
        20 65 6E 61 62 6C
        65 64
   01D9 0D                 1584 	.db 0x0D
   01DA 0A                 1585 	.db 0x0A
   01DB 00                 1586 	.db 0x00
   01DC                    1587 __str_16:
   01DC 49 6E 63 72 65 61  1588 	.ascii "Increase mode is enabled"
        73 65 20 6D 6F 64
        65 20 69 73 20 65
        6E 61 62 6C 65 64
   01F4 0D                 1589 	.db 0x0D
   01F5 0A                 1590 	.db 0x0A
   01F6 00                 1591 	.db 0x00
   01F7                    1592 __str_17:
   01F7 44 65 63 72 65 61  1593 	.ascii "Decrease mode is enabled"
        73 65 20 6D 6F 64
        65 20 69 73 20 65
        6E 61 62 6C 65 64
   020F 0D                 1594 	.db 0x0D
   0210 0A                 1595 	.db 0x0A
   0211 00                 1596 	.db 0x00
   0212                    1597 __str_18:
   0212 4E 6F 6E 65 20 6F  1598 	.ascii "None of the characters you entered match the command charact"
        66 20 74 68 65 20
        63 68 61 72 61 63
        74 65 72 73 20 79
        6F 75 20 65 6E 74
        65 72 65 64 20 6D
        61 74 63 68 20 74
        68 65 20 63 6F 6D
        6D 61 6E 64 20 63
        68 61 72 61 63 74
   024E 65 72 73           1599 	.ascii "ers"
   0251 0D                 1600 	.db 0x0D
   0252 0A                 1601 	.db 0x0A
   0253 00                 1602 	.db 0x00
   0254                    1603 __str_19:
   0254 0D                 1604 	.db 0x0D
   0255 0A                 1605 	.db 0x0A
   0256 50 6F 77 65 72 20  1606 	.ascii "Power down mode"
        64 6F 77 6E 20 6D
        6F 64 65
   0265 0D                 1607 	.db 0x0D
   0266 0A                 1608 	.db 0x0A
   0267 00                 1609 	.db 0x00
   0268                    1610 __str_20:
   0268 0D                 1611 	.db 0x0D
   0269 49 64 6C 65 20 6D  1612 	.ascii "Idle mode"
        6F 64 65
   0272 0D                 1613 	.db 0x0D
   0273 0A                 1614 	.db 0x0A
   0274 00                 1615 	.db 0x00
   0275                    1616 __str_21:
   0275 59 6F 75 20 68 61  1617 	.ascii "You have reached the maximum level of duty cycle"
        76 65 20 72 65 61
        63 68 65 64 20 74
        68 65 20 6D 61 78
        69 6D 75 6D 20 6C
        65 76 65 6C 20 6F
        66 20 64 75 74 79
        20 63 79 63 6C 65
   02A5 0D                 1618 	.db 0x0D
   02A6 0A                 1619 	.db 0x0A
   02A7 00                 1620 	.db 0x00
   02A8                    1621 __str_22:
   02A8 59 6F 75 20 68 61  1622 	.ascii "You have reached the minimum level of duty cycle"
        76 65 20 72 65 61
        63 68 65 64 20 74
        68 65 20 6D 69 6E
        69 6D 75 6D 20 6C
        65 76 65 6C 20 6F
        66 20 64 75 74 79
        20 63 79 63 6C 65
   02D8 0D                 1623 	.db 0x0D
   02D9 0A                 1624 	.db 0x0A
   02DA 00                 1625 	.db 0x00
                           1626 	.area XINIT   (CODE)
   0000                    1627 __xinit__dutycycle:
   0000 8A 00              1628 	.byte #0x8A,#0x00
