                              1 ;--------------------------------------------------------
                              2 ; File Created by SDCC : FreeWare ANSI-C Compiler
                              3 ; Version 2.6.0 #4309 (Jul 28 2006)
                              4 ; This file generated Thu Apr 20 12:51:24 2017
                              5 ;--------------------------------------------------------
                              6 	.module clock
                              7 	.optsdcc -mmcs51 --model-large
                              8 	
                              9 ;--------------------------------------------------------
                             10 ; Public variables in this module
                             11 ;--------------------------------------------------------
                             12 	.globl _P5_7
                             13 	.globl _P5_6
                             14 	.globl _P5_5
                             15 	.globl _P5_4
                             16 	.globl _P5_3
                             17 	.globl _P5_2
                             18 	.globl _P5_1
                             19 	.globl _P5_0
                             20 	.globl _P4_7
                             21 	.globl _P4_6
                             22 	.globl _P4_5
                             23 	.globl _P4_4
                             24 	.globl _P4_3
                             25 	.globl _P4_2
                             26 	.globl _P4_1
                             27 	.globl _P4_0
                             28 	.globl _PX0L
                             29 	.globl _PT0L
                             30 	.globl _PX1L
                             31 	.globl _PT1L
                             32 	.globl _PLS
                             33 	.globl _PT2L
                             34 	.globl _PPCL
                             35 	.globl _EC
                             36 	.globl _CCF0
                             37 	.globl _CCF1
                             38 	.globl _CCF2
                             39 	.globl _CCF3
                             40 	.globl _CCF4
                             41 	.globl _CR
                             42 	.globl _CF
                             43 	.globl _TF2
                             44 	.globl _EXF2
                             45 	.globl _RCLK
                             46 	.globl _TCLK
                             47 	.globl _EXEN2
                             48 	.globl _TR2
                             49 	.globl _C_T2
                             50 	.globl _CP_RL2
                             51 	.globl _T2CON_7
                             52 	.globl _T2CON_6
                             53 	.globl _T2CON_5
                             54 	.globl _T2CON_4
                             55 	.globl _T2CON_3
                             56 	.globl _T2CON_2
                             57 	.globl _T2CON_1
                             58 	.globl _T2CON_0
                             59 	.globl _PT2
                             60 	.globl _ET2
                             61 	.globl _CY
                             62 	.globl _AC
                             63 	.globl _F0
                             64 	.globl _RS1
                             65 	.globl _RS0
                             66 	.globl _OV
                             67 	.globl _F1
                             68 	.globl _P
                             69 	.globl _PS
                             70 	.globl _PT1
                             71 	.globl _PX1
                             72 	.globl _PT0
                             73 	.globl _PX0
                             74 	.globl _RD
                             75 	.globl _WR
                             76 	.globl _T1
                             77 	.globl _T0
                             78 	.globl _INT1
                             79 	.globl _INT0
                             80 	.globl _TXD
                             81 	.globl _RXD
                             82 	.globl _P3_7
                             83 	.globl _P3_6
                             84 	.globl _P3_5
                             85 	.globl _P3_4
                             86 	.globl _P3_3
                             87 	.globl _P3_2
                             88 	.globl _P3_1
                             89 	.globl _P3_0
                             90 	.globl _EA
                             91 	.globl _ES
                             92 	.globl _ET1
                             93 	.globl _EX1
                             94 	.globl _ET0
                             95 	.globl _EX0
                             96 	.globl _P2_7
                             97 	.globl _P2_6
                             98 	.globl _P2_5
                             99 	.globl _P2_4
                            100 	.globl _P2_3
                            101 	.globl _P2_2
                            102 	.globl _P2_1
                            103 	.globl _P2_0
                            104 	.globl _SM0
                            105 	.globl _SM1
                            106 	.globl _SM2
                            107 	.globl _REN
                            108 	.globl _TB8
                            109 	.globl _RB8
                            110 	.globl _TI
                            111 	.globl _RI
                            112 	.globl _P1_7
                            113 	.globl _P1_6
                            114 	.globl _P1_5
                            115 	.globl _P1_4
                            116 	.globl _P1_3
                            117 	.globl _P1_2
                            118 	.globl _P1_1
                            119 	.globl _P1_0
                            120 	.globl _TF1
                            121 	.globl _TR1
                            122 	.globl _TF0
                            123 	.globl _TR0
                            124 	.globl _IE1
                            125 	.globl _IT1
                            126 	.globl _IE0
                            127 	.globl _IT0
                            128 	.globl _P0_7
                            129 	.globl _P0_6
                            130 	.globl _P0_5
                            131 	.globl _P0_4
                            132 	.globl _P0_3
                            133 	.globl _P0_2
                            134 	.globl _P0_1
                            135 	.globl _P0_0
                            136 	.globl _EECON
                            137 	.globl _KBF
                            138 	.globl _KBE
                            139 	.globl _KBLS
                            140 	.globl _BRL
                            141 	.globl _BDRCON
                            142 	.globl _T2MOD
                            143 	.globl _SPDAT
                            144 	.globl _SPSTA
                            145 	.globl _SPCON
                            146 	.globl _SADEN
                            147 	.globl _SADDR
                            148 	.globl _WDTPRG
                            149 	.globl _WDTRST
                            150 	.globl _P5
                            151 	.globl _P4
                            152 	.globl _IPH1
                            153 	.globl _IPL1
                            154 	.globl _IPH0
                            155 	.globl _IPL0
                            156 	.globl _IEN1
                            157 	.globl _IEN0
                            158 	.globl _CMOD
                            159 	.globl _CL
                            160 	.globl _CH
                            161 	.globl _CCON
                            162 	.globl _CCAPM4
                            163 	.globl _CCAPM3
                            164 	.globl _CCAPM2
                            165 	.globl _CCAPM1
                            166 	.globl _CCAPM0
                            167 	.globl _CCAP4L
                            168 	.globl _CCAP3L
                            169 	.globl _CCAP2L
                            170 	.globl _CCAP1L
                            171 	.globl _CCAP0L
                            172 	.globl _CCAP4H
                            173 	.globl _CCAP3H
                            174 	.globl _CCAP2H
                            175 	.globl _CCAP1H
                            176 	.globl _CCAP0H
                            177 	.globl _CKCKON1
                            178 	.globl _CKCKON0
                            179 	.globl _CKRL
                            180 	.globl _AUXR1
                            181 	.globl _AUXR
                            182 	.globl _TH2
                            183 	.globl _TL2
                            184 	.globl _RCAP2H
                            185 	.globl _RCAP2L
                            186 	.globl _T2CON
                            187 	.globl _B
                            188 	.globl _ACC
                            189 	.globl _PSW
                            190 	.globl _IP
                            191 	.globl _P3
                            192 	.globl _IE
                            193 	.globl _P2
                            194 	.globl _SBUF
                            195 	.globl _SCON
                            196 	.globl _P1
                            197 	.globl _TH1
                            198 	.globl _TH0
                            199 	.globl _TL1
                            200 	.globl _TL0
                            201 	.globl _TMOD
                            202 	.globl _TCON
                            203 	.globl _PCON
                            204 	.globl _DPH
                            205 	.globl _DPL
                            206 	.globl _SP
                            207 	.globl _P0
                            208 	.globl _mi
                            209 	.globl _sec
                            210 	.globl _ms
                            211 	.globl _timer_init
                            212 	.globl _clock_reset
                            213 	.globl _clock_control
                            214 ;--------------------------------------------------------
                            215 ; special function registers
                            216 ;--------------------------------------------------------
                            217 	.area RSEG    (DATA)
                    0080    218 _P0	=	0x0080
                    0081    219 _SP	=	0x0081
                    0082    220 _DPL	=	0x0082
                    0083    221 _DPH	=	0x0083
                    0087    222 _PCON	=	0x0087
                    0088    223 _TCON	=	0x0088
                    0089    224 _TMOD	=	0x0089
                    008A    225 _TL0	=	0x008a
                    008B    226 _TL1	=	0x008b
                    008C    227 _TH0	=	0x008c
                    008D    228 _TH1	=	0x008d
                    0090    229 _P1	=	0x0090
                    0098    230 _SCON	=	0x0098
                    0099    231 _SBUF	=	0x0099
                    00A0    232 _P2	=	0x00a0
                    00A8    233 _IE	=	0x00a8
                    00B0    234 _P3	=	0x00b0
                    00B8    235 _IP	=	0x00b8
                    00D0    236 _PSW	=	0x00d0
                    00E0    237 _ACC	=	0x00e0
                    00F0    238 _B	=	0x00f0
                    00C8    239 _T2CON	=	0x00c8
                    00CA    240 _RCAP2L	=	0x00ca
                    00CB    241 _RCAP2H	=	0x00cb
                    00CC    242 _TL2	=	0x00cc
                    00CD    243 _TH2	=	0x00cd
                    008E    244 _AUXR	=	0x008e
                    00A2    245 _AUXR1	=	0x00a2
                    0097    246 _CKRL	=	0x0097
                    008F    247 _CKCKON0	=	0x008f
                    008F    248 _CKCKON1	=	0x008f
                    00FA    249 _CCAP0H	=	0x00fa
                    00FB    250 _CCAP1H	=	0x00fb
                    00FC    251 _CCAP2H	=	0x00fc
                    00FD    252 _CCAP3H	=	0x00fd
                    00FE    253 _CCAP4H	=	0x00fe
                    00EA    254 _CCAP0L	=	0x00ea
                    00EB    255 _CCAP1L	=	0x00eb
                    00EC    256 _CCAP2L	=	0x00ec
                    00ED    257 _CCAP3L	=	0x00ed
                    00EE    258 _CCAP4L	=	0x00ee
                    00DA    259 _CCAPM0	=	0x00da
                    00DB    260 _CCAPM1	=	0x00db
                    00DC    261 _CCAPM2	=	0x00dc
                    00DD    262 _CCAPM3	=	0x00dd
                    00DE    263 _CCAPM4	=	0x00de
                    00D8    264 _CCON	=	0x00d8
                    00F9    265 _CH	=	0x00f9
                    00E9    266 _CL	=	0x00e9
                    00D9    267 _CMOD	=	0x00d9
                    00A8    268 _IEN0	=	0x00a8
                    00B1    269 _IEN1	=	0x00b1
                    00B8    270 _IPL0	=	0x00b8
                    00B7    271 _IPH0	=	0x00b7
                    00B2    272 _IPL1	=	0x00b2
                    00B3    273 _IPH1	=	0x00b3
                    00C0    274 _P4	=	0x00c0
                    00D8    275 _P5	=	0x00d8
                    00A6    276 _WDTRST	=	0x00a6
                    00A7    277 _WDTPRG	=	0x00a7
                    00A9    278 _SADDR	=	0x00a9
                    00B9    279 _SADEN	=	0x00b9
                    00C3    280 _SPCON	=	0x00c3
                    00C4    281 _SPSTA	=	0x00c4
                    00C5    282 _SPDAT	=	0x00c5
                    00C9    283 _T2MOD	=	0x00c9
                    009B    284 _BDRCON	=	0x009b
                    009A    285 _BRL	=	0x009a
                    009C    286 _KBLS	=	0x009c
                    009D    287 _KBE	=	0x009d
                    009E    288 _KBF	=	0x009e
                    00D2    289 _EECON	=	0x00d2
                            290 ;--------------------------------------------------------
                            291 ; special function bits
                            292 ;--------------------------------------------------------
                            293 	.area RSEG    (DATA)
                    0080    294 _P0_0	=	0x0080
                    0081    295 _P0_1	=	0x0081
                    0082    296 _P0_2	=	0x0082
                    0083    297 _P0_3	=	0x0083
                    0084    298 _P0_4	=	0x0084
                    0085    299 _P0_5	=	0x0085
                    0086    300 _P0_6	=	0x0086
                    0087    301 _P0_7	=	0x0087
                    0088    302 _IT0	=	0x0088
                    0089    303 _IE0	=	0x0089
                    008A    304 _IT1	=	0x008a
                    008B    305 _IE1	=	0x008b
                    008C    306 _TR0	=	0x008c
                    008D    307 _TF0	=	0x008d
                    008E    308 _TR1	=	0x008e
                    008F    309 _TF1	=	0x008f
                    0090    310 _P1_0	=	0x0090
                    0091    311 _P1_1	=	0x0091
                    0092    312 _P1_2	=	0x0092
                    0093    313 _P1_3	=	0x0093
                    0094    314 _P1_4	=	0x0094
                    0095    315 _P1_5	=	0x0095
                    0096    316 _P1_6	=	0x0096
                    0097    317 _P1_7	=	0x0097
                    0098    318 _RI	=	0x0098
                    0099    319 _TI	=	0x0099
                    009A    320 _RB8	=	0x009a
                    009B    321 _TB8	=	0x009b
                    009C    322 _REN	=	0x009c
                    009D    323 _SM2	=	0x009d
                    009E    324 _SM1	=	0x009e
                    009F    325 _SM0	=	0x009f
                    00A0    326 _P2_0	=	0x00a0
                    00A1    327 _P2_1	=	0x00a1
                    00A2    328 _P2_2	=	0x00a2
                    00A3    329 _P2_3	=	0x00a3
                    00A4    330 _P2_4	=	0x00a4
                    00A5    331 _P2_5	=	0x00a5
                    00A6    332 _P2_6	=	0x00a6
                    00A7    333 _P2_7	=	0x00a7
                    00A8    334 _EX0	=	0x00a8
                    00A9    335 _ET0	=	0x00a9
                    00AA    336 _EX1	=	0x00aa
                    00AB    337 _ET1	=	0x00ab
                    00AC    338 _ES	=	0x00ac
                    00AF    339 _EA	=	0x00af
                    00B0    340 _P3_0	=	0x00b0
                    00B1    341 _P3_1	=	0x00b1
                    00B2    342 _P3_2	=	0x00b2
                    00B3    343 _P3_3	=	0x00b3
                    00B4    344 _P3_4	=	0x00b4
                    00B5    345 _P3_5	=	0x00b5
                    00B6    346 _P3_6	=	0x00b6
                    00B7    347 _P3_7	=	0x00b7
                    00B0    348 _RXD	=	0x00b0
                    00B1    349 _TXD	=	0x00b1
                    00B2    350 _INT0	=	0x00b2
                    00B3    351 _INT1	=	0x00b3
                    00B4    352 _T0	=	0x00b4
                    00B5    353 _T1	=	0x00b5
                    00B6    354 _WR	=	0x00b6
                    00B7    355 _RD	=	0x00b7
                    00B8    356 _PX0	=	0x00b8
                    00B9    357 _PT0	=	0x00b9
                    00BA    358 _PX1	=	0x00ba
                    00BB    359 _PT1	=	0x00bb
                    00BC    360 _PS	=	0x00bc
                    00D0    361 _P	=	0x00d0
                    00D1    362 _F1	=	0x00d1
                    00D2    363 _OV	=	0x00d2
                    00D3    364 _RS0	=	0x00d3
                    00D4    365 _RS1	=	0x00d4
                    00D5    366 _F0	=	0x00d5
                    00D6    367 _AC	=	0x00d6
                    00D7    368 _CY	=	0x00d7
                    00AD    369 _ET2	=	0x00ad
                    00BD    370 _PT2	=	0x00bd
                    00C8    371 _T2CON_0	=	0x00c8
                    00C9    372 _T2CON_1	=	0x00c9
                    00CA    373 _T2CON_2	=	0x00ca
                    00CB    374 _T2CON_3	=	0x00cb
                    00CC    375 _T2CON_4	=	0x00cc
                    00CD    376 _T2CON_5	=	0x00cd
                    00CE    377 _T2CON_6	=	0x00ce
                    00CF    378 _T2CON_7	=	0x00cf
                    00C8    379 _CP_RL2	=	0x00c8
                    00C9    380 _C_T2	=	0x00c9
                    00CA    381 _TR2	=	0x00ca
                    00CB    382 _EXEN2	=	0x00cb
                    00CC    383 _TCLK	=	0x00cc
                    00CD    384 _RCLK	=	0x00cd
                    00CE    385 _EXF2	=	0x00ce
                    00CF    386 _TF2	=	0x00cf
                    00DF    387 _CF	=	0x00df
                    00DE    388 _CR	=	0x00de
                    00DC    389 _CCF4	=	0x00dc
                    00DB    390 _CCF3	=	0x00db
                    00DA    391 _CCF2	=	0x00da
                    00D9    392 _CCF1	=	0x00d9
                    00D8    393 _CCF0	=	0x00d8
                    00AE    394 _EC	=	0x00ae
                    00BE    395 _PPCL	=	0x00be
                    00BD    396 _PT2L	=	0x00bd
                    00BC    397 _PLS	=	0x00bc
                    00BB    398 _PT1L	=	0x00bb
                    00BA    399 _PX1L	=	0x00ba
                    00B9    400 _PT0L	=	0x00b9
                    00B8    401 _PX0L	=	0x00b8
                    00C0    402 _P4_0	=	0x00c0
                    00C1    403 _P4_1	=	0x00c1
                    00C2    404 _P4_2	=	0x00c2
                    00C3    405 _P4_3	=	0x00c3
                    00C4    406 _P4_4	=	0x00c4
                    00C5    407 _P4_5	=	0x00c5
                    00C6    408 _P4_6	=	0x00c6
                    00C7    409 _P4_7	=	0x00c7
                    00D8    410 _P5_0	=	0x00d8
                    00D9    411 _P5_1	=	0x00d9
                    00DA    412 _P5_2	=	0x00da
                    00DB    413 _P5_3	=	0x00db
                    00DC    414 _P5_4	=	0x00dc
                    00DD    415 _P5_5	=	0x00dd
                    00DE    416 _P5_6	=	0x00de
                    00DF    417 _P5_7	=	0x00df
                            418 ;--------------------------------------------------------
                            419 ; overlayable register banks
                            420 ;--------------------------------------------------------
                            421 	.area REG_BANK_0	(REL,OVR,DATA)
   0000                     422 	.ds 8
                            423 ;--------------------------------------------------------
                            424 ; internal ram data
                            425 ;--------------------------------------------------------
                            426 	.area DSEG    (DATA)
                            427 ;--------------------------------------------------------
                            428 ; overlayable items in internal ram 
                            429 ;--------------------------------------------------------
                            430 	.area OSEG    (OVR,DATA)
                            431 ;--------------------------------------------------------
                            432 ; indirectly addressable internal ram data
                            433 ;--------------------------------------------------------
                            434 	.area ISEG    (DATA)
                            435 ;--------------------------------------------------------
                            436 ; bit data
                            437 ;--------------------------------------------------------
                            438 	.area BSEG    (BIT)
                            439 ;--------------------------------------------------------
                            440 ; paged external ram data
                            441 ;--------------------------------------------------------
                            442 	.area PSEG    (PAG,XDATA)
                            443 ;--------------------------------------------------------
                            444 ; external ram data
                            445 ;--------------------------------------------------------
                            446 	.area XSEG    (XDATA)
   0000                     447 _ms::
   0000                     448 	.ds 1
   0001                     449 _sec::
   0001                     450 	.ds 1
   0002                     451 _mi::
   0002                     452 	.ds 1
   0003                     453 _clock_control_c_1_1:
   0003                     454 	.ds 4
   0007                     455 _clock_control_t_1_1:
   0007                     456 	.ds 2
                            457 ;--------------------------------------------------------
                            458 ; external initialized ram data
                            459 ;--------------------------------------------------------
                            460 	.area XISEG   (XDATA)
                            461 	.area HOME    (CODE)
                            462 	.area GSINIT0 (CODE)
                            463 	.area GSINIT1 (CODE)
                            464 	.area GSINIT2 (CODE)
                            465 	.area GSINIT3 (CODE)
                            466 	.area GSINIT4 (CODE)
                            467 	.area GSINIT5 (CODE)
                            468 	.area GSINIT  (CODE)
                            469 	.area GSFINAL (CODE)
                            470 	.area CSEG    (CODE)
                            471 ;--------------------------------------------------------
                            472 ; global & static initialisations
                            473 ;--------------------------------------------------------
                            474 	.area HOME    (CODE)
                            475 	.area GSINIT  (CODE)
                            476 	.area GSFINAL (CODE)
                            477 	.area GSINIT  (CODE)
                            478 ;--------------------------------------------------------
                            479 ; Home
                            480 ;--------------------------------------------------------
                            481 	.area HOME    (CODE)
                            482 	.area CSEG    (CODE)
                            483 ;--------------------------------------------------------
                            484 ; code
                            485 ;--------------------------------------------------------
                            486 	.area CSEG    (CODE)
                            487 ;------------------------------------------------------------
                            488 ;Allocation info for local variables in function 'timer_init'
                            489 ;------------------------------------------------------------
                            490 ;------------------------------------------------------------
                            491 ;	clock.c:31: void timer_init()
                            492 ;	-----------------------------------------
                            493 ;	 function timer_init
                            494 ;	-----------------------------------------
   0000                     495 _timer_init:
                    0002    496 	ar2 = 0x02
                    0003    497 	ar3 = 0x03
                    0004    498 	ar4 = 0x04
                    0005    499 	ar5 = 0x05
                    0006    500 	ar6 = 0x06
                    0007    501 	ar7 = 0x07
                    0000    502 	ar0 = 0x00
                    0001    503 	ar1 = 0x01
                            504 ;	clock.c:33: TMOD |= 0x01;  //Set Timer 0 to 16 bit Timer
                            505 ;	genOr
   0000 43 89 01            506 	orl	_TMOD,#0x01
                            507 ;	clock.c:34: TH0 =   TIMERLOAD_HIGH;  //load the counter value into the timer
                            508 ;	genAssign
   0003 75 8C 4E            509 	mov	_TH0,#0x4E
                            510 ;	clock.c:35: TL0 =   TIMERLOAD_LOW;
                            511 ;	genAssign
   0006 75 8A 00            512 	mov	_TL0,#0x00
                            513 ;	clock.c:36: IPL0 =0x02;    //Set priority of the Timer 0 Interrupt
                            514 ;	genAssign
   0009 75 B8 02            515 	mov	_IPL0,#0x02
                            516 ;	clock.c:37: IE  |= 0x83;   //Enable Global interrupt, Timer 0 Interrupt and External interrupt
                            517 ;	genOr
   000C 43 A8 83            518 	orl	_IE,#0x83
                            519 ;	clock.c:38: TCON |= 0x11;  //Enable Timer and External interrupt as falling edge interrupt
                            520 ;	genOr
   000F 43 88 11            521 	orl	_TCON,#0x11
                            522 ;	Peephole 300	removed redundant label 00101$
   0012 22                  523 	ret
                            524 ;------------------------------------------------------------
                            525 ;Allocation info for local variables in function 'clock_reset'
                            526 ;------------------------------------------------------------
                            527 ;------------------------------------------------------------
                            528 ;	clock.c:51: void clock_reset()
                            529 ;	-----------------------------------------
                            530 ;	 function clock_reset
                            531 ;	-----------------------------------------
   0013                     532 _clock_reset:
                            533 ;	clock.c:53: ms=0;sec=0;mi=0;  //Set all the value back to zero
                            534 ;	genAssign
   0013 90s00r00            535 	mov	dptr,#_ms
                            536 ;	Peephole 181	changed mov to clr
                            537 ;	genAssign
                            538 ;	Peephole 181	changed mov to clr
                            539 ;	Peephole 219.a	removed redundant clear
                            540 ;	genAssign
                            541 ;	Peephole 181	changed mov to clr
   0016 E4                  542 	clr	a
   0017 F0                  543 	movx	@dptr,a
   0018 90s00r01            544 	mov	dptr,#_sec
   001B F0                  545 	movx	@dptr,a
   001C 90s00r02            546 	mov	dptr,#_mi
                            547 ;	Peephole 219.b	removed redundant clear
   001F F0                  548 	movx	@dptr,a
                            549 ;	clock.c:54: IE=0x83;        //Enale Timer and its interrupt
                            550 ;	genAssign
   0020 75 A8 83            551 	mov	_IE,#0x83
                            552 ;	clock.c:55: EA=1;
                            553 ;	genAssign
   0023 D2 AF               554 	setb	_EA
                            555 ;	clock.c:56: TR0=1;
                            556 ;	genAssign
   0025 D2 8C               557 	setb	_TR0
                            558 ;	Peephole 300	removed redundant label 00101$
   0027 22                  559 	ret
                            560 ;------------------------------------------------------------
                            561 ;Allocation info for local variables in function 'clock_control'
                            562 ;------------------------------------------------------------
                            563 ;c                         Allocated with name '_clock_control_c_1_1'
                            564 ;t                         Allocated with name '_clock_control_t_1_1'
                            565 ;------------------------------------------------------------
                            566 ;	clock.c:71: void clock_control() __critical
                            567 ;	-----------------------------------------
                            568 ;	 function clock_control
                            569 ;	-----------------------------------------
   0028                     570 _clock_control:
   0028 D3                  571 	setb	c
   0029 10 AF 01            572 	jbc	ea,00112$
   002C C3                  573 	clr	c
   002D                     574 00112$:
   002D C0 D0               575 	push	psw
                            576 ;	clock.c:76: lcdgotoxy(4,12);                        // Specify the location for ':' before print
                            577 ;	genAssign
   002F 90s00r00            578 	mov	dptr,#_lcdgotoxy_PARM_2
   0032 74 0C               579 	mov	a,#0x0C
   0034 F0                  580 	movx	@dptr,a
                            581 ;	genCall
   0035 75 82 04            582 	mov	dpl,#0x04
   0038 12s00r00            583 	lcall	_lcdgotoxy
                            584 ;	clock.c:77: lcdputch(':');
                            585 ;	genCall
   003B 75 82 3A            586 	mov	dpl,#0x3A
   003E 12s00r00            587 	lcall	_lcdputch
                            588 ;	clock.c:78: lcdgotoxy(4,15);                        // Specify the location for '.' before print
                            589 ;	genAssign
   0041 90s00r00            590 	mov	dptr,#_lcdgotoxy_PARM_2
   0044 74 0F               591 	mov	a,#0x0F
   0046 F0                  592 	movx	@dptr,a
                            593 ;	genCall
   0047 75 82 04            594 	mov	dpl,#0x04
   004A 12s00r00            595 	lcall	_lcdgotoxy
                            596 ;	clock.c:79: lcdputch('.');
                            597 ;	genCall
   004D 75 82 2E            598 	mov	dpl,#0x2E
   0050 12s00r00            599 	lcall	_lcdputch
                            600 ;	clock.c:80: ms++;
                            601 ;	genAssign
   0053 90s00r00            602 	mov	dptr,#_ms
   0056 E0                  603 	movx	a,@dptr
   0057 FA                  604 	mov	r2,a
                            605 ;	genPlus
   0058 90s00r00            606 	mov	dptr,#_ms
                            607 ;     genPlusIncr
   005B 74 01               608 	mov	a,#0x01
                            609 ;	Peephole 236.a	used r2 instead of ar2
   005D 2A                  610 	add	a,r2
   005E F0                  611 	movx	@dptr,a
                            612 ;	clock.c:81: if(ms==10){ms=0;sec++;}
                            613 ;	genAssign
   005F 90s00r00            614 	mov	dptr,#_ms
   0062 E0                  615 	movx	a,@dptr
   0063 FA                  616 	mov	r2,a
                            617 ;	genCmpEq
                            618 ;	gencjneshort
                            619 ;	Peephole 112.b	changed ljmp to sjmp
                            620 ;	Peephole 198.b	optimized misc jump sequence
   0064 BA 0A 11            621 	cjne	r2,#0x0A,00102$
                            622 ;	Peephole 200.b	removed redundant sjmp
                            623 ;	Peephole 300	removed redundant label 00113$
                            624 ;	Peephole 300	removed redundant label 00114$
                            625 ;	genAssign
   0067 90s00r00            626 	mov	dptr,#_ms
                            627 ;	Peephole 181	changed mov to clr
   006A E4                  628 	clr	a
   006B F0                  629 	movx	@dptr,a
                            630 ;	genAssign
   006C 90s00r01            631 	mov	dptr,#_sec
   006F E0                  632 	movx	a,@dptr
   0070 FA                  633 	mov	r2,a
                            634 ;	genPlus
   0071 90s00r01            635 	mov	dptr,#_sec
                            636 ;     genPlusIncr
   0074 74 01               637 	mov	a,#0x01
                            638 ;	Peephole 236.a	used r2 instead of ar2
   0076 2A                  639 	add	a,r2
   0077 F0                  640 	movx	@dptr,a
   0078                     641 00102$:
                            642 ;	clock.c:82: c[0]=ctoa(ms);                          // Convert the character into ascii value to print on the LCD
                            643 ;	genAssign
   0078 90s00r00            644 	mov	dptr,#_ms
   007B E0                  645 	movx	a,@dptr
                            646 ;	genCast
   007C FA                  647 	mov	r2,a
                            648 ;	Peephole 105	removed redundant mov
   007D 33                  649 	rlc	a
   007E 95 E0               650 	subb	a,acc
   0080 FB                  651 	mov	r3,a
                            652 ;	genCall
   0081 8A 82               653 	mov	dpl,r2
   0083 8B 83               654 	mov	dph,r3
   0085 12s00r00            655 	lcall	_ctoa
   0088 AA 82               656 	mov	r2,dpl
                            657 ;	genPointerSet
                            658 ;     genFarPointerSet
   008A 90s00r03            659 	mov	dptr,#_clock_control_c_1_1
   008D EA                  660 	mov	a,r2
   008E F0                  661 	movx	@dptr,a
                            662 ;	clock.c:83: lcdgotoxy(4,16);                        // Specify the location every time before print
                            663 ;	genAssign
   008F 90s00r00            664 	mov	dptr,#_lcdgotoxy_PARM_2
   0092 74 10               665 	mov	a,#0x10
   0094 F0                  666 	movx	@dptr,a
                            667 ;	genCall
   0095 75 82 04            668 	mov	dpl,#0x04
   0098 12s00r00            669 	lcall	_lcdgotoxy
                            670 ;	clock.c:84: lcdputch(c[0]);
                            671 ;	genPointerGet
                            672 ;	genFarPointerGet
   009B 90s00r03            673 	mov	dptr,#_clock_control_c_1_1
   009E E0                  674 	movx	a,@dptr
                            675 ;	genCall
   009F FA                  676 	mov	r2,a
                            677 ;	Peephole 244.c	loading dpl from a instead of r2
   00A0 F5 82               678 	mov	dpl,a
   00A2 12s00r00            679 	lcall	_lcdputch
                            680 ;	clock.c:86: if(sec==60){sec=0;mi++;}
                            681 ;	genAssign
   00A5 90s00r01            682 	mov	dptr,#_sec
   00A8 E0                  683 	movx	a,@dptr
   00A9 FA                  684 	mov	r2,a
                            685 ;	genCmpEq
                            686 ;	gencjneshort
                            687 ;	Peephole 112.b	changed ljmp to sjmp
                            688 ;	Peephole 198.b	optimized misc jump sequence
   00AA BA 3C 11            689 	cjne	r2,#0x3C,00104$
                            690 ;	Peephole 200.b	removed redundant sjmp
                            691 ;	Peephole 300	removed redundant label 00115$
                            692 ;	Peephole 300	removed redundant label 00116$
                            693 ;	genAssign
   00AD 90s00r01            694 	mov	dptr,#_sec
                            695 ;	Peephole 181	changed mov to clr
   00B0 E4                  696 	clr	a
   00B1 F0                  697 	movx	@dptr,a
                            698 ;	genAssign
   00B2 90s00r02            699 	mov	dptr,#_mi
   00B5 E0                  700 	movx	a,@dptr
   00B6 FA                  701 	mov	r2,a
                            702 ;	genPlus
   00B7 90s00r02            703 	mov	dptr,#_mi
                            704 ;     genPlusIncr
   00BA 74 01               705 	mov	a,#0x01
                            706 ;	Peephole 236.a	used r2 instead of ar2
   00BC 2A                  707 	add	a,r2
   00BD F0                  708 	movx	@dptr,a
   00BE                     709 00104$:
                            710 ;	clock.c:87: t=sec/10;
                            711 ;	genAssign
   00BE 90s00r01            712 	mov	dptr,#_sec
   00C1 E0                  713 	movx	a,@dptr
   00C2 FA                  714 	mov	r2,a
                            715 ;	genDiv
                            716 ;     genDivOneByte
   00C3 C2 D5               717 	clr	F0
   00C5 75 F0 0A            718 	mov	b,#0x0a
   00C8 EA                  719 	mov	a,r2
   00C9 30 E7 04            720 	jnb	acc.7,00117$
   00CC B2 D5               721 	cpl	F0
   00CE F4                  722 	cpl	a
   00CF 04                  723 	inc	a
   00D0                     724 00117$:
   00D0 84                  725 	div	ab
   00D1 30 D5 02            726 	jnb	F0,00118$
   00D4 F4                  727 	cpl	a
   00D5 04                  728 	inc	a
   00D6                     729 00118$:
   00D6 FA                  730 	mov	r2,a
   00D7 A2 D5               731 	mov	c,F0
   00D9 95 E0               732 	subb	a,acc
   00DB FB                  733 	mov	r3,a
                            734 ;	genAssign
   00DC 90s00r07            735 	mov	dptr,#_clock_control_t_1_1
   00DF EA                  736 	mov	a,r2
   00E0 F0                  737 	movx	@dptr,a
   00E1 A3                  738 	inc	dptr
   00E2 EB                  739 	mov	a,r3
   00E3 F0                  740 	movx	@dptr,a
                            741 ;	clock.c:88: c[0]=ctoa(t);                           // Convert the number into ascii value to print on the LCD
                            742 ;	genCall
   00E4 8A 82               743 	mov	dpl,r2
   00E6 8B 83               744 	mov	dph,r3
   00E8 12s00r00            745 	lcall	_ctoa
   00EB AA 82               746 	mov	r2,dpl
                            747 ;	genPointerSet
                            748 ;     genFarPointerSet
   00ED 90s00r03            749 	mov	dptr,#_clock_control_c_1_1
   00F0 EA                  750 	mov	a,r2
   00F1 F0                  751 	movx	@dptr,a
                            752 ;	clock.c:89: t=sec-(t*10);
                            753 ;	genAssign
   00F2 90s00r01            754 	mov	dptr,#_sec
   00F5 E0                  755 	movx	a,@dptr
                            756 ;	genCast
   00F6 FA                  757 	mov	r2,a
                            758 ;	Peephole 105	removed redundant mov
   00F7 33                  759 	rlc	a
   00F8 95 E0               760 	subb	a,acc
   00FA FB                  761 	mov	r3,a
                            762 ;	genAssign
   00FB 90s00r07            763 	mov	dptr,#_clock_control_t_1_1
   00FE E0                  764 	movx	a,@dptr
   00FF FC                  765 	mov	r4,a
   0100 A3                  766 	inc	dptr
   0101 E0                  767 	movx	a,@dptr
   0102 FD                  768 	mov	r5,a
                            769 ;	genAssign
   0103 90s00r00            770 	mov	dptr,#__mulint_PARM_2
   0106 74 0A               771 	mov	a,#0x0A
   0108 F0                  772 	movx	@dptr,a
   0109 E4                  773 	clr	a
   010A A3                  774 	inc	dptr
   010B F0                  775 	movx	@dptr,a
                            776 ;	genCall
   010C 8C 82               777 	mov	dpl,r4
   010E 8D 83               778 	mov	dph,r5
   0110 C0 02               779 	push	ar2
   0112 C0 03               780 	push	ar3
   0114 12s00r00            781 	lcall	__mulint
   0117 AC 82               782 	mov	r4,dpl
   0119 AD 83               783 	mov	r5,dph
   011B D0 03               784 	pop	ar3
   011D D0 02               785 	pop	ar2
                            786 ;	genMinus
   011F 90s00r07            787 	mov	dptr,#_clock_control_t_1_1
   0122 EA                  788 	mov	a,r2
   0123 C3                  789 	clr	c
                            790 ;	Peephole 236.l	used r4 instead of ar4
   0124 9C                  791 	subb	a,r4
   0125 F0                  792 	movx	@dptr,a
   0126 EB                  793 	mov	a,r3
                            794 ;	Peephole 236.l	used r5 instead of ar5
   0127 9D                  795 	subb	a,r5
   0128 A3                  796 	inc	dptr
   0129 F0                  797 	movx	@dptr,a
                            798 ;	clock.c:90: c[1]=ctoa(t);
                            799 ;	genAssign
   012A 90s00r07            800 	mov	dptr,#_clock_control_t_1_1
   012D E0                  801 	movx	a,@dptr
   012E FA                  802 	mov	r2,a
   012F A3                  803 	inc	dptr
   0130 E0                  804 	movx	a,@dptr
   0131 FB                  805 	mov	r3,a
                            806 ;	genCall
   0132 8A 82               807 	mov	dpl,r2
   0134 8B 83               808 	mov	dph,r3
   0136 12s00r00            809 	lcall	_ctoa
   0139 AA 82               810 	mov	r2,dpl
                            811 ;	genPointerSet
                            812 ;     genFarPointerSet
   013B 90s00r04            813 	mov	dptr,#(_clock_control_c_1_1 + 0x0001)
   013E EA                  814 	mov	a,r2
   013F F0                  815 	movx	@dptr,a
                            816 ;	clock.c:91: c[2]='\0';
                            817 ;	genPointerSet
                            818 ;     genFarPointerSet
   0140 90s00r05            819 	mov	dptr,#(_clock_control_c_1_1 + 0x0002)
                            820 ;	Peephole 181	changed mov to clr
   0143 E4                  821 	clr	a
   0144 F0                  822 	movx	@dptr,a
                            823 ;	clock.c:92: lcdgotoxy(4,13);                        // Specify the location every time before print
                            824 ;	genAssign
   0145 90s00r00            825 	mov	dptr,#_lcdgotoxy_PARM_2
   0148 74 0D               826 	mov	a,#0x0D
   014A F0                  827 	movx	@dptr,a
                            828 ;	genCall
   014B 75 82 04            829 	mov	dpl,#0x04
   014E 12s00r00            830 	lcall	_lcdgotoxy
                            831 ;	clock.c:93: lcdputch(c[0]);
                            832 ;	genPointerGet
                            833 ;	genFarPointerGet
   0151 90s00r03            834 	mov	dptr,#_clock_control_c_1_1
   0154 E0                  835 	movx	a,@dptr
                            836 ;	genCall
   0155 FA                  837 	mov	r2,a
                            838 ;	Peephole 244.c	loading dpl from a instead of r2
   0156 F5 82               839 	mov	dpl,a
   0158 12s00r00            840 	lcall	_lcdputch
                            841 ;	clock.c:94: lcdgotoxy(4,14);
                            842 ;	genAssign
   015B 90s00r00            843 	mov	dptr,#_lcdgotoxy_PARM_2
   015E 74 0E               844 	mov	a,#0x0E
   0160 F0                  845 	movx	@dptr,a
                            846 ;	genCall
   0161 75 82 04            847 	mov	dpl,#0x04
   0164 12s00r00            848 	lcall	_lcdgotoxy
                            849 ;	clock.c:95: lcdputch(c[1]);
                            850 ;	genPointerGet
                            851 ;	genFarPointerGet
   0167 90s00r04            852 	mov	dptr,#(_clock_control_c_1_1 + 0x0001)
   016A E0                  853 	movx	a,@dptr
                            854 ;	genCall
   016B FA                  855 	mov	r2,a
                            856 ;	Peephole 244.c	loading dpl from a instead of r2
   016C F5 82               857 	mov	dpl,a
   016E 12s00r00            858 	lcall	_lcdputch
                            859 ;	clock.c:98: if(mi==60){mi=0;}
                            860 ;	genAssign
   0171 90s00r02            861 	mov	dptr,#_mi
   0174 E0                  862 	movx	a,@dptr
   0175 FA                  863 	mov	r2,a
                            864 ;	genCmpEq
                            865 ;	gencjneshort
                            866 ;	Peephole 112.b	changed ljmp to sjmp
                            867 ;	Peephole 198.b	optimized misc jump sequence
   0176 BA 3C 05            868 	cjne	r2,#0x3C,00106$
                            869 ;	Peephole 200.b	removed redundant sjmp
                            870 ;	Peephole 300	removed redundant label 00119$
                            871 ;	Peephole 300	removed redundant label 00120$
                            872 ;	genAssign
   0179 90s00r02            873 	mov	dptr,#_mi
                            874 ;	Peephole 181	changed mov to clr
   017C E4                  875 	clr	a
   017D F0                  876 	movx	@dptr,a
   017E                     877 00106$:
                            878 ;	clock.c:99: t=mi/10;
                            879 ;	genAssign
   017E 90s00r02            880 	mov	dptr,#_mi
   0181 E0                  881 	movx	a,@dptr
   0182 FA                  882 	mov	r2,a
                            883 ;	genDiv
                            884 ;     genDivOneByte
   0183 C2 D5               885 	clr	F0
   0185 75 F0 0A            886 	mov	b,#0x0a
   0188 EA                  887 	mov	a,r2
   0189 30 E7 04            888 	jnb	acc.7,00121$
   018C B2 D5               889 	cpl	F0
   018E F4                  890 	cpl	a
   018F 04                  891 	inc	a
   0190                     892 00121$:
   0190 84                  893 	div	ab
   0191 30 D5 02            894 	jnb	F0,00122$
   0194 F4                  895 	cpl	a
   0195 04                  896 	inc	a
   0196                     897 00122$:
   0196 FA                  898 	mov	r2,a
   0197 A2 D5               899 	mov	c,F0
   0199 95 E0               900 	subb	a,acc
   019B FB                  901 	mov	r3,a
                            902 ;	genAssign
   019C 90s00r07            903 	mov	dptr,#_clock_control_t_1_1
   019F EA                  904 	mov	a,r2
   01A0 F0                  905 	movx	@dptr,a
   01A1 A3                  906 	inc	dptr
   01A2 EB                  907 	mov	a,r3
   01A3 F0                  908 	movx	@dptr,a
                            909 ;	clock.c:100: c[0]=ctoa(t);                           // Convert the number into ascii value to print on the LCD
                            910 ;	genCall
   01A4 8A 82               911 	mov	dpl,r2
   01A6 8B 83               912 	mov	dph,r3
   01A8 12s00r00            913 	lcall	_ctoa
   01AB AA 82               914 	mov	r2,dpl
                            915 ;	genPointerSet
                            916 ;     genFarPointerSet
   01AD 90s00r03            917 	mov	dptr,#_clock_control_c_1_1
   01B0 EA                  918 	mov	a,r2
   01B1 F0                  919 	movx	@dptr,a
                            920 ;	clock.c:101: t=mi-(t*10);
                            921 ;	genAssign
   01B2 90s00r02            922 	mov	dptr,#_mi
   01B5 E0                  923 	movx	a,@dptr
                            924 ;	genCast
   01B6 FA                  925 	mov	r2,a
                            926 ;	Peephole 105	removed redundant mov
   01B7 33                  927 	rlc	a
   01B8 95 E0               928 	subb	a,acc
   01BA FB                  929 	mov	r3,a
                            930 ;	genAssign
   01BB 90s00r07            931 	mov	dptr,#_clock_control_t_1_1
   01BE E0                  932 	movx	a,@dptr
   01BF FC                  933 	mov	r4,a
   01C0 A3                  934 	inc	dptr
   01C1 E0                  935 	movx	a,@dptr
   01C2 FD                  936 	mov	r5,a
                            937 ;	genAssign
   01C3 90s00r00            938 	mov	dptr,#__mulint_PARM_2
   01C6 74 0A               939 	mov	a,#0x0A
   01C8 F0                  940 	movx	@dptr,a
   01C9 E4                  941 	clr	a
   01CA A3                  942 	inc	dptr
   01CB F0                  943 	movx	@dptr,a
                            944 ;	genCall
   01CC 8C 82               945 	mov	dpl,r4
   01CE 8D 83               946 	mov	dph,r5
   01D0 C0 02               947 	push	ar2
   01D2 C0 03               948 	push	ar3
   01D4 12s00r00            949 	lcall	__mulint
   01D7 AC 82               950 	mov	r4,dpl
   01D9 AD 83               951 	mov	r5,dph
   01DB D0 03               952 	pop	ar3
   01DD D0 02               953 	pop	ar2
                            954 ;	genMinus
   01DF 90s00r07            955 	mov	dptr,#_clock_control_t_1_1
   01E2 EA                  956 	mov	a,r2
   01E3 C3                  957 	clr	c
                            958 ;	Peephole 236.l	used r4 instead of ar4
   01E4 9C                  959 	subb	a,r4
   01E5 F0                  960 	movx	@dptr,a
   01E6 EB                  961 	mov	a,r3
                            962 ;	Peephole 236.l	used r5 instead of ar5
   01E7 9D                  963 	subb	a,r5
   01E8 A3                  964 	inc	dptr
   01E9 F0                  965 	movx	@dptr,a
                            966 ;	clock.c:102: c[1]=ctoa(t);
                            967 ;	genAssign
   01EA 90s00r07            968 	mov	dptr,#_clock_control_t_1_1
   01ED E0                  969 	movx	a,@dptr
   01EE FA                  970 	mov	r2,a
   01EF A3                  971 	inc	dptr
   01F0 E0                  972 	movx	a,@dptr
   01F1 FB                  973 	mov	r3,a
                            974 ;	genCall
   01F2 8A 82               975 	mov	dpl,r2
   01F4 8B 83               976 	mov	dph,r3
   01F6 12s00r00            977 	lcall	_ctoa
   01F9 AA 82               978 	mov	r2,dpl
                            979 ;	genPointerSet
                            980 ;     genFarPointerSet
   01FB 90s00r04            981 	mov	dptr,#(_clock_control_c_1_1 + 0x0001)
   01FE EA                  982 	mov	a,r2
   01FF F0                  983 	movx	@dptr,a
                            984 ;	clock.c:103: c[2]='\0';
                            985 ;	genPointerSet
                            986 ;     genFarPointerSet
   0200 90s00r05            987 	mov	dptr,#(_clock_control_c_1_1 + 0x0002)
                            988 ;	Peephole 181	changed mov to clr
   0203 E4                  989 	clr	a
   0204 F0                  990 	movx	@dptr,a
                            991 ;	clock.c:104: lcdgotoxy(4,10);                         // Specify the location every time before print
                            992 ;	genAssign
   0205 90s00r00            993 	mov	dptr,#_lcdgotoxy_PARM_2
   0208 74 0A               994 	mov	a,#0x0A
   020A F0                  995 	movx	@dptr,a
                            996 ;	genCall
   020B 75 82 04            997 	mov	dpl,#0x04
   020E 12s00r00            998 	lcall	_lcdgotoxy
                            999 ;	clock.c:105: lcdputch(c[0]);
                           1000 ;	genPointerGet
                           1001 ;	genFarPointerGet
   0211 90s00r03           1002 	mov	dptr,#_clock_control_c_1_1
   0214 E0                 1003 	movx	a,@dptr
                           1004 ;	genCall
   0215 FA                 1005 	mov	r2,a
                           1006 ;	Peephole 244.c	loading dpl from a instead of r2
   0216 F5 82              1007 	mov	dpl,a
   0218 12s00r00           1008 	lcall	_lcdputch
                           1009 ;	clock.c:106: lcdgotoxy(4,11);                         // Specify the location every time before print
                           1010 ;	genAssign
   021B 90s00r00           1011 	mov	dptr,#_lcdgotoxy_PARM_2
   021E 74 0B              1012 	mov	a,#0x0B
   0220 F0                 1013 	movx	@dptr,a
                           1014 ;	genCall
   0221 75 82 04           1015 	mov	dpl,#0x04
   0224 12s00r00           1016 	lcall	_lcdgotoxy
                           1017 ;	clock.c:107: lcdputch(c[1]);
                           1018 ;	genPointerGet
                           1019 ;	genFarPointerGet
   0227 90s00r04           1020 	mov	dptr,#(_clock_control_c_1_1 + 0x0001)
   022A E0                 1021 	movx	a,@dptr
                           1022 ;	genCall
   022B FA                 1023 	mov	r2,a
                           1024 ;	Peephole 244.c	loading dpl from a instead of r2
   022C F5 82              1025 	mov	dpl,a
   022E 12s00r00           1026 	lcall	_lcdputch
                           1027 ;	Peephole 300	removed redundant label 00107$
   0231 D0 D0              1028 	pop	psw
   0233 92 AF              1029 	mov	ea,c
   0235 22                 1030 	ret
                           1031 	.area CSEG    (CODE)
                           1032 	.area CONST   (CODE)
                           1033 	.area XINIT   (CODE)
